C:\Program Files (x86)\Microsoft Visual Studio\2019\Community\MSBuild\Microsoft\VC\v160\Microsoft.CppBuild.targets(1091,5): warning MSB8027: stdafx.cpp という名前の複数のファイルでは、同じ場所に出力が生成されます。これにより、不適切なビルド結果が生じる可能性があります。関連するファイルは ..\projects\LAVSplitter\stdafx.cpp, stdafx.cpp です。
  stdafx.cpp
C:\Xview4K\Xview4Ktonsuke\ffmpeg\libavutil\rational.h(1,1): warning C4819: ファイルは、現在のコード ページ (932) で表示できない文字を含んでいます。データの損失を防ぐために、ファイルを Unicode 形式で保存してください。
  CIniFileAccess.cpp
  common.cpp
  crc32.cpp
  DSFilterEnum.cpp
  LAV_dllmain.cpp
C:\Xview4K\Xview4Ktonsuke\ffmpeg\libavutil\rational.h(1,1): warning C4819: ファイルは、現在のコード ページ (932) で表示できない文字を含んでいます。データの損失を防ぐために、ファイルを Unicode 形式で保存してください。
  LAV_InputPin.cpp
C:\Xview4K\Xview4Ktonsuke\ffmpeg\libavutil\rational.h(1,1): warning C4819: ファイルは、現在のコード ページ (932) で表示できない文字を含んでいます。データの損失を防ぐために、ファイルを Unicode 形式で保存してください。
  LAVSplitter.cpp
C:\Xview4K\Xview4Ktonsuke\ffmpeg\libavutil\rational.h(1,1): warning C4819: ファイルは、現在のコード ページ (932) で表示できない文字を含んでいます。データの損失を防ぐために、ファイルを Unicode 形式で保存してください。
C:\Xview4K\Xview4Ktonsuke\projects\LAVSplitter\LAVSplitter.cpp(350,3): warning C5205: 非仮想デストラクターを持つ抽象クラス 'IPropertyPage' を削除すると、未定義の動作が発生します
C:\Program Files (x86)\Windows Kits\8.1\Include\um\ocidl.h(1729): message : 'IPropertyPage' の宣言を確認してください
C:\Xview4K\Xview4Ktonsuke\projects\LAVSplitter\LAVSplitter.cpp(690,40): warning C4245: '引数': 'int' から 'DWORD' に変換しました。signed/unsigned が一致しません。
C:\Xview4K\Xview4Ktonsuke\projects\LAVSplitter\LAVSplitter.cpp(1378,41): warning C4245: '=': 'int' から 'LCID' に変換しました。signed/unsigned が一致しません。
  LAVSplitterTrayIcon.cpp
C:\Xview4K\Xview4Ktonsuke\ffmpeg\libavutil\rational.h(1,1): warning C4819: ファイルは、現在のコード ページ (932) で表示できない文字を含んでいます。データの損失を防ぐために、ファイルを Unicode 形式で保存してください。
  LAV_OutputPin.cpp
C:\Xview4K\Xview4Ktonsuke\ffmpeg\libavutil\rational.h(1,1): warning C4819: ファイルは、現在のコード ページ (932) で表示できない文字を含んでいます。データの損失を防ぐために、ファイルを Unicode 形式で保存してください。
C:\Xview4K\Xview4Ktonsuke\projects\LAVSplitter\LAV_OutputPin.cpp(337,28): warning C4458: 'pSplitter' を宣言すると、クラス メンバーが隠蔽されます
C:\Xview4K\Xview4Ktonsuke\projects\LAVSplitter\LAV_OutputPin.h(171,17): message : 'CLAVOutputPin::pSplitter' の宣言を確認してください
C:\Xview4K\Xview4Ktonsuke\projects\LAVSplitter\LAV_OutputPin.cpp(381,32): warning C4245: '引数': 'int' から 'DWORD' に変換しました。signed/unsigned が一致しません。
  LAV_PacketAllocator.cpp
C:\Xview4K\Xview4Ktonsuke\ffmpeg\libavutil\rational.h(1,1): warning C4819: ファイルは、現在のコード ページ (932) で表示できない文字を含んでいます。データの損失を防ぐために、ファイルを Unicode 形式で保存してください。
  LAV_PacketQueue.cpp
C:\Xview4K\Xview4Ktonsuke\ffmpeg\libavutil\rational.h(1,1): warning C4819: ファイルは、現在のコード ページ (932) で表示できない文字を含んでいます。データの損失を防ぐために、ファイルを Unicode 形式で保存してください。
  LAV_SettingsProp.cpp
C:\Xview4K\Xview4Ktonsuke\ffmpeg\libavutil\rational.h(1,1): warning C4819: ファイルは、現在のコード ページ (932) で表示できない文字を含んでいます。データの損失を防ぐために、ファイルを Unicode 形式で保存してください。
C:\Xview4K\Xview4Ktonsuke\projects\LAVSplitter\LAV_SettingsProp.cpp(323,17): warning C4389: '!=': signed と unsigned の数値を比較しようとしました。
C:\Xview4K\Xview4Ktonsuke\projects\LAVSplitter\LAV_SettingsProp.cpp(382,20): warning C4389: '!=': signed と unsigned の数値を比較しようとしました。
C:\Xview4K\Xview4Ktonsuke\projects\LAVSplitter\LAV_SettingsProp.cpp(396,20): warning C4389: '!=': signed と unsigned の数値を比較しようとしました。
C:\Xview4K\Xview4Ktonsuke\projects\LAVSplitter\LAV_SettingsProp.cpp(410,22): warning C4389: '!=': signed と unsigned の数値を比較しようとしました。
  LAV_StreamParser.cpp
C:\Xview4K\Xview4Ktonsuke\ffmpeg\libavutil\rational.h(1,1): warning C4819: ファイルは、現在のコード ページ (932) で表示できない文字を含んでいます。データの損失を防ぐために、ファイルを Unicode 形式で保存してください。
  AsyncOutPin.cpp
  STREAMS.H included TWICE
  STREAMS.H included TWICE
C:\Xview4K\Xview4Ktonsuke\BonDriver_BDA\AsyncOutPin.cpp(172,24): warning C4838: 'DWORD_PTR' から 'DWORD' への変換には縮小変換が必要です
C:\Xview4K\Xview4Ktonsuke\BonDriver_BDA\AsyncOutPin.cpp(172,24): warning C4244: '初期化中': 'DWORD_PTR' から 'DWORD' への変換です。データが失われる可能性があります。
C:\Xview4K\Xview4Ktonsuke\BonDriver_BDA\AsyncOutPin.cpp(156,11): warning C4189: 'llTotal': ローカル変数が初期化されましたが、参照されていません
C:\Xview4K\Xview4Ktonsuke\BonDriver_BDA\AsyncOutPin.cpp(157,11): warning C4189: 'llAvailable': ローカル変数が初期化されましたが、参照されていません
C:\Xview4K\Xview4Ktonsuke\BonDriver_BDA\AsyncOutPin.cpp(190,7): warning C4189: 'e': ローカル変数が初期化されましたが、参照されていません
C:\Xview4K\Xview4Ktonsuke\BonDriver_BDA\AsyncOutPin.cpp(239,11): warning C4189: 'llTotal': ローカル変数が初期化されましたが、参照されていません
C:\Xview4K\Xview4Ktonsuke\BonDriver_BDA\AsyncOutPin.cpp(240,11): warning C4189: 'llAvailable': ローカル変数が初期化されましたが、参照されていません
  BonDriver.cpp
  BonTuner.cpp
  STREAMS.H included TWICE
  STREAMS.H included TWICE
  frame_buffer.cpp
C:\Xview4K\Xview4Ktonsuke\BonDriver_BDA\frame_buffer.cpp(34,20): warning C4244: '初期化中': 'LONGLONG' から 'ULONG' への変換です。データが失われる可能性があります。
C:\Xview4K\Xview4Ktonsuke\BonDriver_BDA\frame_buffer.cpp(64,20): warning C4244: '初期化中': 'LONGLONG' から 'ULONG' への変換です。データが失われる可能性があります。
  MyAyncSrcFilter.cpp
  main.cpp
  STREAMS.H included TWICE
  STREAMS.H included TWICE
C:\Xview4K\Xview4Ktonsuke\ffmpeg\libavutil\common.h(162,27): warning C4244: 'return': 'int' から 'uint8_t' への変換です。データが失われる可能性があります。
C:\Xview4K\Xview4Ktonsuke\ffmpeg\libavutil\common.h(173,34): warning C4244: 'return': 'int' から 'int8_t' への変換です。データが失われる可能性があります。
C:\Xview4K\Xview4Ktonsuke\ffmpeg\libavutil\common.h(184,29): warning C4244: 'return': 'int' から 'uint16_t' への変換です。データが失われる可能性があります。
C:\Xview4K\Xview4Ktonsuke\ffmpeg\libavutil\common.h(195,38): warning C4244: 'return': 'int' から 'int16_t' への変換です。データが失われる可能性があります。
C:\Xview4K\Xview4Ktonsuke\ffmpeg\libavutil\rational.h(1,1): warning C4819: ファイルは、現在のコード ページ (932) で表示できない文字を含んでいます。データの損失を防ぐために、ファイルを Unicode 形式で保存してください。
C:\Xview4K\Xview4Ktonsuke\BonDriver_BDA\main.cpp(612,16): warning C4244: '=': 'LONGLONG' から 'LONG' への変換です。データが失われる可能性があります。
C:\Xview4K\Xview4Ktonsuke\BonDriver_BDA\main.cpp(636,29): warning C4244: '=': 'DOUBLE' から 'BYTE' への変換です。データが失われる可能性があります。
C:\Xview4K\Xview4Ktonsuke\BonDriver_BDA\main.cpp(637,29): warning C4244: '=': 'DOUBLE' から 'BYTE' への変換です。データが失われる可能性があります。
C:\Xview4K\Xview4Ktonsuke\BonDriver_BDA\main.cpp(638,29): warning C4244: '=': 'DOUBLE' から 'BYTE' への変換です。データが失われる可能性があります。
C:\Xview4K\Xview4Ktonsuke\BonDriver_BDA\main.cpp(639,29): warning C4244: '=': 'DOUBLE' から 'BYTE' への変換です。データが失われる可能性があります。
C:\Xview4K\Xview4Ktonsuke\BonDriver_BDA\main.cpp(664,15): warning C4244: '=': 'LONGLONG' から 'LONG' への変換です。データが失われる可能性があります。
C:\Xview4K\Xview4Ktonsuke\BonDriver_BDA\main.cpp(730,17): warning C4244: '=': 'LONGLONG' から 'LONG' への変換です。データが失われる可能性があります。
C:\Xview4K\Xview4Ktonsuke\BonDriver_BDA\main.cpp(736,29): warning C4244: '=': '__int64' から 'LONG' への変換です。データが失われる可能性があります。
C:\Xview4K\Xview4Ktonsuke\BonDriver_BDA\main.cpp(750,28): warning C4244: '=': 'LONGLONG' から 'LONG' への変換です。データが失われる可能性があります。
C:\Xview4K\Xview4Ktonsuke\BonDriver_BDA\main.cpp(764,89): warning C4244: '=': 'DOUBLE' から 'LONG' への変換です。データが失われる可能性があります。
C:\Xview4K\Xview4Ktonsuke\BonDriver_BDA\main.cpp(787,30): warning C4244: '=': 'DOUBLE' から 'BYTE' への変換です。データが失われる可能性があります。
C:\Xview4K\Xview4Ktonsuke\BonDriver_BDA\main.cpp(788,30): warning C4244: '=': 'DOUBLE' から 'BYTE' への変換です。データが失われる可能性があります。
C:\Xview4K\Xview4Ktonsuke\BonDriver_BDA\main.cpp(789,30): warning C4244: '=': 'DOUBLE' から 'BYTE' への変換です。データが失われる可能性があります。
C:\Xview4K\Xview4Ktonsuke\BonDriver_BDA\main.cpp(790,30): warning C4244: '=': 'DOUBLE' から 'BYTE' への変換です。データが失われる可能性があります。
C:\Xview4K\Xview4Ktonsuke\BonDriver_BDA\main.cpp(815,17): warning C4244: '=': 'LONGLONG' から 'LONG' への変換です。データが失われる可能性があります。
C:\Xview4K\Xview4Ktonsuke\BonDriver_BDA\main.cpp(822,29): warning C4244: '=': '__int64' から 'LONG' への変換です。データが失われる可能性があります。
C:\Xview4K\Xview4Ktonsuke\BonDriver_BDA\main.cpp(836,28): warning C4244: '=': 'LONGLONG' から 'LONG' への変換です。データが失われる可能性があります。
C:\Xview4K\Xview4Ktonsuke\BonDriver_BDA\main.cpp(851,89): warning C4244: '=': 'DOUBLE' から 'LONG' への変換です。データが失われる可能性があります。
C:\Xview4K\Xview4Ktonsuke\BonDriver_BDA\main.cpp(874,30): warning C4244: '=': 'DOUBLE' から 'BYTE' への変換です。データが失われる可能性があります。
C:\Xview4K\Xview4Ktonsuke\BonDriver_BDA\main.cpp(875,30): warning C4244: '=': 'DOUBLE' から 'BYTE' への変換です。データが失われる可能性があります。
C:\Xview4K\Xview4Ktonsuke\BonDriver_BDA\main.cpp(876,30): warning C4244: '=': 'DOUBLE' から 'BYTE' への変換です。データが失われる可能性があります。
C:\Xview4K\Xview4Ktonsuke\BonDriver_BDA\main.cpp(877,30): warning C4244: '=': 'DOUBLE' から 'BYTE' への変換です。データが失われる可能性があります。
C:\Xview4K\Xview4Ktonsuke\BonDriver_BDA\main.cpp(1054,132): warning C4244: '=': 'DOUBLE' から 'LONGLONG' への変換です。データが失われる可能性があります。
C:\Xview4K\Xview4Ktonsuke\BonDriver_BDA\main.cpp(1059,17): warning C4244: '=': 'UINT' から 'UINT16' への変換です。データが失われる可能性があります。
C:\Xview4K\Xview4Ktonsuke\BonDriver_BDA\main.cpp(1104,26): warning C4244: '初期化中': 'DOUBLE' から 'LONGLONG' への変換です。データが失われる可能性があります。
C:\Xview4K\Xview4Ktonsuke\BonDriver_BDA\main.cpp(1110,16): warning C4244: '=': 'LONGLONG' から 'LONG' への変換です。データが失われる可能性があります。
C:\Xview4K\Xview4Ktonsuke\BonDriver_BDA\main.cpp(1115,28): warning C4244: '=': '__int64' から 'LONG' への変換です。データが失われる可能性があります。
C:\Xview4K\Xview4Ktonsuke\BonDriver_BDA\main.cpp(1147,29): warning C4244: '=': 'DOUBLE' から 'BYTE' への変換です。データが失われる可能性があります。
C:\Xview4K\Xview4Ktonsuke\BonDriver_BDA\main.cpp(1148,29): warning C4244: '=': 'DOUBLE' から 'BYTE' への変換です。データが失われる可能性があります。
C:\Xview4K\Xview4Ktonsuke\BonDriver_BDA\main.cpp(1149,29): warning C4244: '=': 'DOUBLE' から 'BYTE' への変換です。データが失われる可能性があります。
C:\Xview4K\Xview4Ktonsuke\BonDriver_BDA\main.cpp(1150,29): warning C4244: '=': 'DOUBLE' から 'BYTE' への変換です。データが失われる可能性があります。
C:\Xview4K\Xview4Ktonsuke\BonDriver_BDA\main.cpp(1227,24): warning C4244: '=': 'ULONGLONG' から 'LONG' への変換です。データが失われる可能性があります。
C:\Xview4K\Xview4Ktonsuke\BonDriver_BDA\main.cpp(1228,46): warning C4244: '=': 'ULONGLONG' から 'LONG' への変換です。データが失われる可能性があります。
C:\Xview4K\Xview4Ktonsuke\BonDriver_BDA\main.cpp(1253,24): warning C4244: '=': 'ULONGLONG' から 'LONG' への変換です。データが失われる可能性があります。
C:\Xview4K\Xview4Ktonsuke\BonDriver_BDA\main.cpp(1254,46): warning C4244: '=': 'ULONGLONG' から 'LONG' への変換です。データが失われる可能性があります。
C:\Xview4K\Xview4Ktonsuke\BonDriver_BDA\main.cpp(1269,45): warning C4244: '引数': 'ULONGLONG' から 'FT_UInt' への変換です。データが失われる可能性があります。
C:\Xview4K\Xview4Ktonsuke\BonDriver_BDA\main.cpp(1269,29): warning C4244: '引数': 'ULONGLONG' から 'FT_UInt' への変換です。データが失われる可能性があります。
C:\Xview4K\Xview4Ktonsuke\BonDriver_BDA\main.cpp(1272,46): warning C4244: '引数': 'ULONGLONG' から 'FT_Fixed' への変換です。データが失われる可能性があります。
C:\Xview4K\Xview4Ktonsuke\BonDriver_BDA\main.cpp(1298,3): warning C4456: 'i' を宣言すると、以前のローカル宣言が隠蔽されます
C:\Xview4K\Xview4Ktonsuke\BonDriver_BDA\main.cpp(1214,11): message : 'i' の宣言を確認してください
C:\Xview4K\Xview4Ktonsuke\BonDriver_BDA\main.cpp(1336,26): warning C4018: '<': signed と unsigned の数値を比較しようとしました。
C:\Xview4K\Xview4Ktonsuke\BonDriver_BDA\main.cpp(1355,29): warning C4244: '=': 'DOUBLE' から 'BYTE' への変換です。データが失われる可能性があります。
C:\Xview4K\Xview4Ktonsuke\BonDriver_BDA\main.cpp(1356,29): warning C4244: '=': 'DOUBLE' から 'BYTE' への変換です。データが失われる可能性があります。
C:\Xview4K\Xview4Ktonsuke\BonDriver_BDA\main.cpp(1357,29): warning C4244: '=': 'DOUBLE' から 'BYTE' への変換です。データが失われる可能性があります。
C:\Xview4K\Xview4Ktonsuke\BonDriver_BDA\main.cpp(1358,29): warning C4244: '=': 'DOUBLE' から 'BYTE' への変換です。データが失われる可能性があります。
C:\Xview4K\Xview4Ktonsuke\BonDriver_BDA\main.cpp(1371,26): warning C4018: '<': signed と unsigned の数値を比較しようとしました。
C:\Xview4K\Xview4Ktonsuke\BonDriver_BDA\main.cpp(1390,29): warning C4244: '=': 'DOUBLE' から 'BYTE' への変換です。データが失われる可能性があります。
C:\Xview4K\Xview4Ktonsuke\BonDriver_BDA\main.cpp(1391,29): warning C4244: '=': 'DOUBLE' から 'BYTE' への変換です。データが失われる可能性があります。
C:\Xview4K\Xview4Ktonsuke\BonDriver_BDA\main.cpp(1392,29): warning C4244: '=': 'DOUBLE' から 'BYTE' への変換です。データが失われる可能性があります。
C:\Xview4K\Xview4Ktonsuke\BonDriver_BDA\main.cpp(1393,29): warning C4244: '=': 'DOUBLE' から 'BYTE' への変換です。データが失われる可能性があります。
C:\Xview4K\Xview4Ktonsuke\BonDriver_BDA\main.cpp(1398,46): warning C4244: '+=': 'ULONGLONG' から 'INT' への変換です。データが失われる可能性があります。
C:\Xview4K\Xview4Ktonsuke\BonDriver_BDA\main.cpp(984,12): warning C4102: 'SEEK_PLAY': ラベルは 1 度も参照されません。
C:\Xview4K\Xview4Ktonsuke\BonDriver_BDA\main.cpp(1469,43): warning C4244: '引数': 'ULONGLONG' から 'FT_UInt' への変換です。データが失われる可能性があります。
C:\Xview4K\Xview4Ktonsuke\BonDriver_BDA\main.cpp(1469,27): warning C4244: '引数': 'ULONGLONG' から 'FT_UInt' への変換です。データが失われる可能性があります。
C:\Xview4K\Xview4Ktonsuke\BonDriver_BDA\main.cpp(1472,44): warning C4244: '引数': 'ULONGLONG' から 'FT_Fixed' への変換です。データが失われる可能性があります。
C:\Xview4K\Xview4Ktonsuke\BonDriver_BDA\main.cpp(1517,25): warning C4018: '<': signed と unsigned の数値を比較しようとしました。
C:\Xview4K\Xview4Ktonsuke\BonDriver_BDA\main.cpp(1536,28): warning C4244: '=': 'DOUBLE' から 'BYTE' への変換です。データが失われる可能性があります。
C:\Xview4K\Xview4Ktonsuke\BonDriver_BDA\main.cpp(1537,28): warning C4244: '=': 'DOUBLE' から 'BYTE' への変換です。データが失われる可能性があります。
C:\Xview4K\Xview4Ktonsuke\BonDriver_BDA\main.cpp(1538,28): warning C4244: '=': 'DOUBLE' から 'BYTE' への変換です。データが失われる可能性があります。
C:\Xview4K\Xview4Ktonsuke\BonDriver_BDA\main.cpp(1539,28): warning C4244: '=': 'DOUBLE' から 'BYTE' への変換です。データが失われる可能性があります。
C:\Xview4K\Xview4Ktonsuke\BonDriver_BDA\main.cpp(1552,25): warning C4018: '<': signed と unsigned の数値を比較しようとしました。
C:\Xview4K\Xview4Ktonsuke\BonDriver_BDA\main.cpp(1571,28): warning C4244: '=': 'DOUBLE' から 'BYTE' への変換です。データが失われる可能性があります。
C:\Xview4K\Xview4Ktonsuke\BonDriver_BDA\main.cpp(1572,28): warning C4244: '=': 'DOUBLE' から 'BYTE' への変換です。データが失われる可能性があります。
C:\Xview4K\Xview4Ktonsuke\BonDriver_BDA\main.cpp(1573,28): warning C4244: '=': 'DOUBLE' から 'BYTE' への変換です。データが失われる可能性があります。
C:\Xview4K\Xview4Ktonsuke\BonDriver_BDA\main.cpp(1574,28): warning C4244: '=': 'DOUBLE' から 'BYTE' への変換です。データが失われる可能性があります。
C:\Xview4K\Xview4Ktonsuke\BonDriver_BDA\main.cpp(1579,45): warning C4244: '+=': 'ULONGLONG' から 'INT' への変換です。データが失われる可能性があります。
C:\Xview4K\Xview4Ktonsuke\BonDriver_BDA\main.cpp(2040,22): warning C4018: '<': signed と unsigned の数値を比較しようとしました。
C:\Xview4K\Xview4Ktonsuke\BonDriver_BDA\main.cpp(2078,27): warning C4018: '<': signed と unsigned の数値を比較しようとしました。
C:\Xview4K\Xview4Ktonsuke\BonDriver_BDA\main.cpp(2103,30): warning C4244: '=': 'DOUBLE' から 'BYTE' への変換です。データが失われる可能性があります。
C:\Xview4K\Xview4Ktonsuke\BonDriver_BDA\main.cpp(2104,30): warning C4244: '=': 'DOUBLE' から 'BYTE' への変換です。データが失われる可能性があります。
C:\Xview4K\Xview4Ktonsuke\BonDriver_BDA\main.cpp(2105,30): warning C4244: '=': 'DOUBLE' から 'BYTE' への変換です。データが失われる可能性があります。
C:\Xview4K\Xview4Ktonsuke\BonDriver_BDA\main.cpp(2106,30): warning C4244: '=': 'DOUBLE' から 'BYTE' への変換です。データが失われる可能性があります。
C:\Xview4K\Xview4Ktonsuke\BonDriver_BDA\main.cpp(2119,27): warning C4018: '<': signed と unsigned の数値を比較しようとしました。
C:\Xview4K\Xview4Ktonsuke\BonDriver_BDA\main.cpp(2144,30): warning C4244: '=': 'DOUBLE' から 'BYTE' への変換です。データが失われる可能性があります。
C:\Xview4K\Xview4Ktonsuke\BonDriver_BDA\main.cpp(2145,30): warning C4244: '=': 'DOUBLE' から 'BYTE' への変換です。データが失われる可能性があります。
C:\Xview4K\Xview4Ktonsuke\BonDriver_BDA\main.cpp(2146,30): warning C4244: '=': 'DOUBLE' から 'BYTE' への変換です。データが失われる可能性があります。
C:\Xview4K\Xview4Ktonsuke\BonDriver_BDA\main.cpp(2147,30): warning C4244: '=': 'DOUBLE' から 'BYTE' への変換です。データが失われる可能性があります。
C:\Xview4K\Xview4Ktonsuke\BonDriver_BDA\main.cpp(1595,9): warning C4189: 'xml_id': ローカル変数が初期化されましたが、参照されていません
C:\Xview4K\Xview4Ktonsuke\BonDriver_BDA\main.cpp(2245,3): warning C4996: '_swprintf': This function or variable may be unsafe. Consider using _swprintf_s instead. To disable deprecation, use _CRT_SECURE_NO_WARNINGS. See online help for details.
C:\Xview4K\Xview4Ktonsuke\BonDriver_BDA\main.cpp(2419,17): warning C4245: 'return': 'HRESULT' から 'DWORD' に変換しました。signed/unsigned が一致しません。
C:\Xview4K\Xview4Ktonsuke\BonDriver_BDA\main.cpp(2446,16): warning C4245: 'return': 'HRESULT' から 'DWORD' に変換しました。signed/unsigned が一致しません。
C:\Xview4K\Xview4Ktonsuke\BonDriver_BDA\main.cpp(2486,16): warning C4245: 'return': 'HRESULT' から 'DWORD' に変換しました。signed/unsigned が一致しません。
C:\Xview4K\Xview4Ktonsuke\BonDriver_BDA\main.cpp(2708,18): warning C4244: '=': 'int' から 'UINT16' への変換です。データが失われる可能性があります。
C:\Xview4K\Xview4Ktonsuke\BonDriver_BDA\main.cpp(2933,17): warning C4244: '=': 'UINT' から 'UINT16' への変換です。データが失われる可能性があります。
C:\Xview4K\Xview4Ktonsuke\BonDriver_BDA\main.cpp(3096,95): warning C4244: '引数': 'ULONGLONG' から 'UINT' への変換です。データが失われる可能性があります。
C:\Xview4K\Xview4Ktonsuke\BonDriver_BDA\main.cpp(3144,15): warning C4244: '=': 'DOUBLE' から 'LONG' への変換です。データが失われる可能性があります。
C:\Xview4K\Xview4Ktonsuke\BonDriver_BDA\main.cpp(3145,15): warning C4244: '=': 'DOUBLE' から 'LONG' への変換です。データが失われる可能性があります。
C:\Xview4K\Xview4Ktonsuke\BonDriver_BDA\main.cpp(3217,25): warning C4244: '=': 'WPARAM' から 'BYTE' への変換です。データが失われる可能性があります。
C:\Xview4K\Xview4Ktonsuke\BonDriver_BDA\main.cpp(3425,14): warning C4244: '=': 'DOUBLE' から 'LONG' への変換です。データが失われる可能性があります。
C:\Xview4K\Xview4Ktonsuke\BonDriver_BDA\main.cpp(3426,14): warning C4244: '=': 'DOUBLE' から 'LONG' への変換です。データが失われる可能性があります。
C:\Xview4K\Xview4Ktonsuke\BonDriver_BDA\main.cpp(4116,14): warning C4244: '=': 'DOUBLE' から 'LONG' への変換です。データが失われる可能性があります。
C:\Xview4K\Xview4Ktonsuke\BonDriver_BDA\main.cpp(4117,14): warning C4244: '=': 'DOUBLE' から 'LONG' への変換です。データが失われる可能性があります。
C:\Xview4K\Xview4Ktonsuke\BonDriver_BDA\main.cpp(4405,2): warning C4996: '_wsplitpath': This function or variable may be unsafe. Consider using _wsplitpath_s instead. To disable deprecation, use _CRT_SECURE_NO_WARNINGS. See online help for details.
  stdafx.cpp
  コードを生成中...
C:\Xview4K\Xview4Ktonsuke\BonDriver_BDA\main.cpp(1339): warning C4701: 初期化されていない可能性のあるローカル変数 'offsetX' が使用されます
C:\Xview4K\Xview4Ktonsuke\BonDriver_BDA\main.cpp(1339): warning C4701: 初期化されていない可能性のあるローカル変数 'offsetY' が使用されます
C:\Xview4K\Xview4Ktonsuke\BonDriver_BDA\main.cpp(2419): warning C4702: 制御が渡らないコードです。
C:\Xview4K\Xview4Ktonsuke\BonDriver_BDA\main.cpp(2446): warning C4702: 制御が渡らないコードです。
C:\Xview4K\Xview4Ktonsuke\BonDriver_BDA\main.cpp(2486): warning C4702: 制御が渡らないコードです。
C:\Xview4K\Xview4Ktonsuke\projects\LAVSplitter\LAVSplitterTrayIcon.cpp(116): warning C4706: 条件式の比較値は、代入の結果になっています。
C:\Xview4K\Xview4Ktonsuke\projects\LAVSplitter\LAVSplitter.cpp(182): warning C4702: 制御が渡らないコードです。
C:\Xview4K\Xview4Ktonsuke\projects\LAVSplitter\LAVSplitter.cpp(186): warning C4702: 制御が渡らないコードです。
C:\Xview4K\Xview4Ktonsuke\projects\LAVSplitter\LAVSplitter.cpp(187): warning C4702: 制御が渡らないコードです。
C:\Xview4K\Xview4Ktonsuke\projects\LAVSplitter\LAVSplitter.cpp(190): warning C4702: 制御が渡らないコードです。
C:\Xview4K\Xview4Ktonsuke\projects\LAVSplitter\LAVSplitter.cpp(191): warning C4702: 制御が渡らないコードです。
C:\Xview4K\Xview4Ktonsuke\projects\LAVSplitter\LAVSplitter.cpp(193): warning C4702: 制御が渡らないコードです。
C:\Xview4K\Xview4Ktonsuke\projects\LAVSplitter\LAVSplitter.cpp(194): warning C4702: 制御が渡らないコードです。
C:\Xview4K\Xview4Ktonsuke\projects\LAVSplitter\LAVSplitter.cpp(196): warning C4702: 制御が渡らないコードです。
C:\Xview4K\Xview4Ktonsuke\projects\LAVSplitter\LAVSplitter.cpp(197): warning C4702: 制御が渡らないコードです。
C:\Xview4K\Xview4Ktonsuke\projects\LAVSplitter\LAVSplitter.cpp(200): warning C4702: 制御が渡らないコードです。
C:\Xview4K\Xview4Ktonsuke\projects\LAVSplitter\LAVSplitter.cpp(201): warning C4702: 制御が渡らないコードです。
C:\Xview4K\Xview4Ktonsuke\projects\LAVSplitter\LAVSplitter.cpp(203): warning C4702: 制御が渡らないコードです。
C:\Xview4K\Xview4Ktonsuke\projects\LAVSplitter\LAVSplitter.cpp(204): warning C4702: 制御が渡らないコードです。
C:\Xview4K\Xview4Ktonsuke\projects\LAVSplitter\LAVSplitter.cpp(206): warning C4702: 制御が渡らないコードです。
C:\Xview4K\Xview4Ktonsuke\projects\LAVSplitter\LAVSplitter.cpp(207): warning C4702: 制御が渡らないコードです。
C:\Xview4K\Xview4Ktonsuke\projects\LAVSplitter\LAVSplitter.cpp(209): warning C4702: 制御が渡らないコードです。
C:\Xview4K\Xview4Ktonsuke\projects\LAVSplitter\LAVSplitter.cpp(210): warning C4702: 制御が渡らないコードです。
C:\Xview4K\Xview4Ktonsuke\projects\LAVSplitter\LAVSplitter.cpp(212): warning C4702: 制御が渡らないコードです。
C:\Xview4K\Xview4Ktonsuke\projects\LAVSplitter\LAVSplitter.cpp(213): warning C4702: 制御が渡らないコードです。
C:\Xview4K\Xview4Ktonsuke\projects\LAVSplitter\LAVSplitter.cpp(215): warning C4702: 制御が渡らないコードです。
C:\Xview4K\Xview4Ktonsuke\projects\LAVSplitter\LAVSplitter.cpp(216): warning C4702: 制御が渡らないコードです。
C:\Xview4K\Xview4Ktonsuke\projects\LAVSplitter\LAVSplitter.cpp(218): warning C4702: 制御が渡らないコードです。
C:\Xview4K\Xview4Ktonsuke\projects\LAVSplitter\LAVSplitter.cpp(219): warning C4702: 制御が渡らないコードです。
C:\Xview4K\Xview4Ktonsuke\projects\LAVSplitter\LAVSplitter.cpp(221): warning C4702: 制御が渡らないコードです。
C:\Xview4K\Xview4Ktonsuke\projects\LAVSplitter\LAVSplitter.cpp(222): warning C4702: 制御が渡らないコードです。
C:\Xview4K\Xview4Ktonsuke\projects\LAVSplitter\LAVSplitter.cpp(224): warning C4702: 制御が渡らないコードです。
C:\Xview4K\Xview4Ktonsuke\projects\LAVSplitter\LAVSplitter.cpp(225): warning C4702: 制御が渡らないコードです。
C:\Xview4K\Xview4Ktonsuke\projects\LAVSplitter\LAVSplitter.cpp(227): warning C4702: 制御が渡らないコードです。
C:\Xview4K\Xview4Ktonsuke\projects\LAVSplitter\LAVSplitter.cpp(228): warning C4702: 制御が渡らないコードです。
C:\Xview4K\Xview4Ktonsuke\projects\LAVSplitter\LAVSplitter.cpp(230): warning C4702: 制御が渡らないコードです。
C:\Xview4K\Xview4Ktonsuke\projects\LAVSplitter\LAVSplitter.cpp(231): warning C4702: 制御が渡らないコードです。
C:\Xview4K\Xview4Ktonsuke\projects\LAVSplitter\LAVSplitter.cpp(233): warning C4702: 制御が渡らないコードです。
C:\Xview4K\Xview4Ktonsuke\projects\LAVSplitter\LAVSplitter.cpp(234): warning C4702: 制御が渡らないコードです。
C:\Xview4K\Xview4Ktonsuke\projects\LAVSplitter\LAVSplitter.cpp(237): warning C4702: 制御が渡らないコードです。
C:\Xview4K\Xview4Ktonsuke\projects\LAVSplitter\LAVSplitter.cpp(240): warning C4702: 制御が渡らないコードです。
C:\Xview4K\Xview4Ktonsuke\projects\LAVSplitter\LAVSplitter.cpp(241): warning C4702: 制御が渡らないコードです。
C:\Xview4K\Xview4Ktonsuke\projects\LAVSplitter\LAVSplitter.cpp(243): warning C4702: 制御が渡らないコードです。
C:\Xview4K\Xview4Ktonsuke\projects\LAVSplitter\LAVSplitter.cpp(755): warning C4702: 制御が渡らないコードです。
  コンパイル中...
  tlv_parse.cpp
C:\Xview4K\Xview4Ktonsuke\BonDriver_BDA\mmtp.h(13,4): warning C4201: 非標準の拡張機能が使用されています: 無名の構造体または共用体です。
C:\Xview4K\Xview4Ktonsuke\BonDriver_BDA\mmtp.h(25,4): warning C4201: 非標準の拡張機能が使用されています: 無名の構造体または共用体です。
C:\Xview4K\Xview4Ktonsuke\BonDriver_BDA\mmtp.h(48,4): warning C4201: 非標準の拡張機能が使用されています: 無名の構造体または共用体です。
C:\Xview4K\Xview4Ktonsuke\BonDriver_BDA\mmtp.h(55,4): warning C4201: 非標準の拡張機能が使用されています: 無名の構造体または共用体です。
C:\Xview4K\Xview4Ktonsuke\BonDriver_BDA\mmtp.h(78,4): warning C4201: 非標準の拡張機能が使用されています: 無名の構造体または共用体です。
C:\Xview4K\Xview4Ktonsuke\BonDriver_BDA\mmtp.h(92,4): warning C4201: 非標準の拡張機能が使用されています: 無名の構造体または共用体です。
C:\Xview4K\Xview4Ktonsuke\BonDriver_BDA\mmtp.h(133,4): warning C4201: 非標準の拡張機能が使用されています: 無名の構造体または共用体です。
C:\Xview4K\Xview4Ktonsuke\BonDriver_BDA\mmtp.h(177,4): warning C4201: 非標準の拡張機能が使用されています: 無名の構造体または共用体です。
C:\Xview4K\Xview4Ktonsuke\BonDriver_BDA\mmtp.h(203,4): warning C4201: 非標準の拡張機能が使用されています: 無名の構造体または共用体です。
C:\Xview4K\Xview4Ktonsuke\BonDriver_BDA\mmtp.h(245,4): warning C4201: 非標準の拡張機能が使用されています: 無名の構造体または共用体です。
C:\Xview4K\Xview4Ktonsuke\BonDriver_BDA\mmtp.h(254,4): warning C4201: 非標準の拡張機能が使用されています: 無名の構造体または共用体です。
C:\Xview4K\Xview4Ktonsuke\BonDriver_BDA\mmtp.h(268,4): warning C4201: 非標準の拡張機能が使用されています: 無名の構造体または共用体です。
C:\Xview4K\Xview4Ktonsuke\BonDriver_BDA\mmtp.h(276,4): warning C4201: 非標準の拡張機能が使用されています: 無名の構造体または共用体です。
C:\Xview4K\Xview4Ktonsuke\BonDriver_BDA\mmtp.h(288,4): warning C4201: 非標準の拡張機能が使用されています: 無名の構造体または共用体です。
C:\Xview4K\Xview4Ktonsuke\BonDriver_BDA\mmtp.h(297,4): warning C4201: 非標準の拡張機能が使用されています: 無名の構造体または共用体です。
C:\Xview4K\Xview4Ktonsuke\BonDriver_BDA\mmtp.h(314,4): warning C4201: 非標準の拡張機能が使用されています: 無名の構造体または共用体です。
C:\Xview4K\Xview4Ktonsuke\BonDriver_BDA\mmtp.h(322,4): warning C4201: 非標準の拡張機能が使用されています: 無名の構造体または共用体です。
C:\Xview4K\Xview4Ktonsuke\BonDriver_BDA\mmtp.h(342,4): warning C4201: 非標準の拡張機能が使用されています: 無名の構造体または共用体です。
C:\Xview4K\Xview4Ktonsuke\BonDriver_BDA\mmtp.h(365,4): warning C4201: 非標準の拡張機能が使用されています: 無名の構造体または共用体です。
C:\Xview4K\Xview4Ktonsuke\BonDriver_BDA\mmtp.h(374,4): warning C4201: 非標準の拡張機能が使用されています: 無名の構造体または共用体です。
C:\Xview4K\Xview4Ktonsuke\BonDriver_BDA\mmtp.h(391,4): warning C4201: 非標準の拡張機能が使用されています: 無名の構造体または共用体です。
C:\Xview4K\Xview4Ktonsuke\BonDriver_BDA\mmtp.h(399,4): warning C4201: 非標準の拡張機能が使用されています: 無名の構造体または共用体です。
  STREAMS.H included TWICE
C:\Xview4K\Xview4Ktonsuke\BonDriver_BDA\tlv_parse.cpp(403,29): warning C4267: '=': 'size_t' から 'ULONG' に変換しました。データが失われているかもしれません。
C:\Xview4K\Xview4Ktonsuke\BonDriver_BDA\tlv_parse.cpp(1559,5): warning C4996: 'sprintf': This function or variable may be unsafe. Consider using sprintf_s instead. To disable deprecation, use _CRT_SECURE_NO_WARNINGS. See online help for details.
C:\Xview4K\Xview4Ktonsuke\BonDriver_BDA\tlv_parse.cpp(1560,5): warning C4996: 'sprintf': This function or variable may be unsafe. Consider using sprintf_s instead. To disable deprecation, use _CRT_SECURE_NO_WARNINGS. See online help for details.
C:\Xview4K\Xview4Ktonsuke\BonDriver_BDA\tlv_parse.cpp(1561,5): warning C4996: 'sprintf': This function or variable may be unsafe. Consider using sprintf_s instead. To disable deprecation, use _CRT_SECURE_NO_WARNINGS. See online help for details.
C:\Xview4K\Xview4Ktonsuke\BonDriver_BDA\tlv_parse.cpp(1566,5): warning C4996: 'sprintf': This function or variable may be unsafe. Consider using sprintf_s instead. To disable deprecation, use _CRT_SECURE_NO_WARNINGS. See online help for details.
C:\Xview4K\Xview4Ktonsuke\BonDriver_BDA\tlv_parse.cpp(1567,5): warning C4996: 'sprintf': This function or variable may be unsafe. Consider using sprintf_s instead. To disable deprecation, use _CRT_SECURE_NO_WARNINGS. See online help for details.
C:\Xview4K\Xview4Ktonsuke\BonDriver_BDA\tlv_parse.cpp(1568,5): warning C4996: 'sprintf': This function or variable may be unsafe. Consider using sprintf_s instead. To disable deprecation, use _CRT_SECURE_NO_WARNINGS. See online help for details.
C:\Xview4K\Xview4Ktonsuke\BonDriver_BDA\tlv_parse.cpp(1825,6): warning C4996: 'sprintf': This function or variable may be unsafe. Consider using sprintf_s instead. To disable deprecation, use _CRT_SECURE_NO_WARNINGS. See online help for details.
C:\Xview4K\Xview4Ktonsuke\BonDriver_BDA\tlv_parse.cpp(1826,6): warning C4996: 'sprintf': This function or variable may be unsafe. Consider using sprintf_s instead. To disable deprecation, use _CRT_SECURE_NO_WARNINGS. See online help for details.
C:\Xview4K\Xview4Ktonsuke\BonDriver_BDA\tlv_parse.cpp(1827,6): warning C4996: 'sprintf': This function or variable may be unsafe. Consider using sprintf_s instead. To disable deprecation, use _CRT_SECURE_NO_WARNINGS. See online help for details.
C:\Xview4K\Xview4Ktonsuke\BonDriver_BDA\tlv_parse.cpp(1831,6): warning C4996: 'sprintf': This function or variable may be unsafe. Consider using sprintf_s instead. To disable deprecation, use _CRT_SECURE_NO_WARNINGS. See online help for details.
C:\Xview4K\Xview4Ktonsuke\BonDriver_BDA\tlv_parse.cpp(1832,6): warning C4996: 'sprintf': This function or variable may be unsafe. Consider using sprintf_s instead. To disable deprecation, use _CRT_SECURE_NO_WARNINGS. See online help for details.
C:\Xview4K\Xview4Ktonsuke\BonDriver_BDA\tlv_parse.cpp(1833,6): warning C4996: 'sprintf': This function or variable may be unsafe. Consider using sprintf_s instead. To disable deprecation, use _CRT_SECURE_NO_WARNINGS. See online help for details.
C:\Xview4K\Xview4Ktonsuke\BonDriver_BDA\tlv_parse.cpp(2053,5): warning C4996: 'sprintf': This function or variable may be unsafe. Consider using sprintf_s instead. To disable deprecation, use _CRT_SECURE_NO_WARNINGS. See online help for details.
C:\Xview4K\Xview4Ktonsuke\BonDriver_BDA\tlv_parse.cpp(2054,5): warning C4996: 'sprintf': This function or variable may be unsafe. Consider using sprintf_s instead. To disable deprecation, use _CRT_SECURE_NO_WARNINGS. See online help for details.
C:\Xview4K\Xview4Ktonsuke\BonDriver_BDA\tlv_parse.cpp(2055,5): warning C4996: 'sprintf': This function or variable may be unsafe. Consider using sprintf_s instead. To disable deprecation, use _CRT_SECURE_NO_WARNINGS. See online help for details.
C:\Xview4K\Xview4Ktonsuke\BonDriver_BDA\tlv_parse.cpp(1290,13): warning C4189: 'descriptor_length': ローカル変数が初期化されましたが、参照されていません
C:\Xview4K\Xview4Ktonsuke\BonDriver_BDA\tlv_parse.cpp(1434,10): warning C4189: 'r': ローカル変数が初期化されましたが、参照されていません
  TSMF.cpp
  tswriter.cpp
  TS_BUFF.cpp
  コードを生成中...
C:\Xview4K\Xview4Ktonsuke\BonDriver_BDA\tlv_parse.cpp(1338): warning C4702: 制御が渡らないコードです。
C:\Xview4K\Xview4Ktonsuke\BonDriver_BDA\tlv_parse.cpp(1341): warning C4702: 制御が渡らないコードです。
C:\Xview4K\Xview4Ktonsuke\BonDriver_BDA\tlv_parse.cpp(1344): warning C4702: 制御が渡らないコードです。
C:\Xview4K\Xview4Ktonsuke\BonDriver_BDA\tlv_parse.cpp(1352): warning C4702: 制御が渡らないコードです。
C:\Xview4K\Xview4Ktonsuke\BonDriver_BDA\tlv_parse.cpp(1355): warning C4702: 制御が渡らないコードです。
C:\Xview4K\Xview4Ktonsuke\BonDriver_BDA\tlv_parse.cpp(1357): warning C4702: 制御が渡らないコードです。
C:\Xview4K\Xview4Ktonsuke\BonDriver_BDA\tlv_parse.cpp(1361): warning C4702: 制御が渡らないコードです。
C:\Xview4K\Xview4Ktonsuke\BonDriver_BDA\tlv_parse.cpp(1365): warning C4702: 制御が渡らないコードです。
C:\Xview4K\Xview4Ktonsuke\BonDriver_BDA\tlv_parse.cpp(1367): warning C4702: 制御が渡らないコードです。
C:\Xview4K\Xview4Ktonsuke\BonDriver_BDA\tlv_parse.cpp(1369): warning C4702: 制御が渡らないコードです。
C:\Xview4K\Xview4Ktonsuke\BonDriver_BDA\tlv_parse.cpp(1373): warning C4702: 制御が渡らないコードです。
C:\Xview4K\Xview4Ktonsuke\BonDriver_BDA\tlv_parse.cpp(1377): warning C4702: 制御が渡らないコードです。
C:\Xview4K\Xview4Ktonsuke\BonDriver_BDA\tlv_parse.cpp(1379): warning C4702: 制御が渡らないコードです。
C:\Xview4K\Xview4Ktonsuke\BonDriver_BDA\tlv_parse.cpp(1381): warning C4702: 制御が渡らないコードです。
C:\Xview4K\Xview4Ktonsuke\BonDriver_BDA\tlv_parse.cpp(1384): warning C4702: 制御が渡らないコードです。
C:\Xview4K\Xview4Ktonsuke\BonDriver_BDA\tlv_parse.cpp(1389): warning C4702: 制御が渡らないコードです。
C:\Xview4K\Xview4Ktonsuke\BonDriver_BDA\tlv_parse.cpp(1391): warning C4702: 制御が渡らないコードです。
C:\Xview4K\Xview4Ktonsuke\BonDriver_BDA\tlv_parse.cpp(1395): warning C4702: 制御が渡らないコードです。
C:\Xview4K\Xview4Ktonsuke\BonDriver_BDA\tlv_parse.cpp(1397): warning C4702: 制御が渡らないコードです。
C:\Xview4K\Xview4Ktonsuke\BonDriver_BDA\tlv_parse.cpp(1401): warning C4702: 制御が渡らないコードです。
C:\Xview4K\Xview4Ktonsuke\BonDriver_BDA\tlv_parse.cpp(1404): warning C4702: 制御が渡らないコードです。
C:\Xview4K\Xview4Ktonsuke\BonDriver_BDA\tlv_parse.cpp(1791): warning C4702: 制御が渡らないコードです。
C:\Xview4K\Xview4Ktonsuke\BonDriver_BDA\tlv_parse.cpp(1798): warning C4702: 制御が渡らないコードです。
C:\Xview4K\Xview4Ktonsuke\BonDriver_BDA\tlv_parse.cpp(1802): warning C4702: 制御が渡らないコードです。
C:\Xview4K\Xview4Ktonsuke\BonDriver_BDA\tlv_parse.cpp(1803): warning C4702: 制御が渡らないコードです。
C:\Xview4K\Xview4Ktonsuke\BonDriver_BDA\tlv_parse.cpp(1806): warning C4702: 制御が渡らないコードです。
C:\Xview4K\Xview4Ktonsuke\BonDriver_BDA\tlv_parse.cpp(1811): warning C4702: 制御が渡らないコードです。
C:\Xview4K\Xview4Ktonsuke\BonDriver_BDA\tlv_parse.cpp(1817): warning C4702: 制御が渡らないコードです。
C:\Xview4K\Xview4Ktonsuke\BonDriver_BDA\tlv_parse.cpp(1825): warning C4702: 制御が渡らないコードです。
C:\Xview4K\Xview4Ktonsuke\BonDriver_BDA\tlv_parse.cpp(1850): warning C4702: 制御が渡らないコードです。
C:\Xview4K\Xview4Ktonsuke\BonDriver_BDA\tlv_parse.cpp(1852): warning C4702: 制御が渡らないコードです。
C:\Xview4K\Xview4Ktonsuke\BonDriver_BDA\tlv_parse.cpp(1858): warning C4702: 制御が渡らないコードです。
C:\Xview4K\Xview4Ktonsuke\BonDriver_BDA\tlv_parse.cpp(1863): warning C4702: 制御が渡らないコードです。
C:\Xview4K\Xview4Ktonsuke\BonDriver_BDA\tlv_parse.cpp(1865): warning C4702: 制御が渡らないコードです。
C:\Xview4K\Xview4Ktonsuke\BonDriver_BDA\tlv_parse.cpp(1870): warning C4702: 制御が渡らないコードです。
C:\Xview4K\Xview4Ktonsuke\BonDriver_BDA\tlv_parse.cpp(1872): warning C4702: 制御が渡らないコードです。
C:\Xview4K\Xview4Ktonsuke\BonDriver_BDA\tlv_parse.cpp(1875): warning C4702: 制御が渡らないコードです。
C:\Xview4K\Xview4Ktonsuke\BonDriver_BDA\tlv_parse.cpp(1879): warning C4702: 制御が渡らないコードです。
C:\Xview4K\Xview4Ktonsuke\BonDriver_BDA\tlv_parse.cpp(1881): warning C4702: 制御が渡らないコードです。
C:\Xview4K\Xview4Ktonsuke\BonDriver_BDA\tlv_parse.cpp(1898): warning C4702: 制御が渡らないコードです。
C:\Xview4K\Xview4Ktonsuke\BonDriver_BDA\tlv_parse.cpp(1899): warning C4702: 制御が渡らないコードです。
C:\Xview4K\Xview4Ktonsuke\BonDriver_BDA\tlv_parse.cpp(1900): warning C4702: 制御が渡らないコードです。
C:\Xview4K\Xview4Ktonsuke\BonDriver_BDA\tlv_parse.cpp(1901): warning C4702: 制御が渡らないコードです。
C:\Xview4K\Xview4Ktonsuke\BonDriver_BDA\tlv_parse.cpp(1907): warning C4702: 制御が渡らないコードです。
C:\Xview4K\Xview4Ktonsuke\BonDriver_BDA\tlv_parse.cpp(1909): warning C4702: 制御が渡らないコードです。
C:\Xview4K\Xview4Ktonsuke\BonDriver_BDA\tlv_parse.cpp(1913): warning C4702: 制御が渡らないコードです。
C:\Xview4K\Xview4Ktonsuke\BonDriver_BDA\tlv_parse.cpp(1917): warning C4702: 制御が渡らないコードです。
C:\Xview4K\Xview4Ktonsuke\BonDriver_BDA\tlv_parse.cpp(1920): warning C4702: 制御が渡らないコードです。
C:\Xview4K\Xview4Ktonsuke\BonDriver_BDA\tlv_parse.cpp(1924): warning C4702: 制御が渡らないコードです。
C:\Xview4K\Xview4Ktonsuke\BonDriver_BDA\tlv_parse.cpp(1927): warning C4702: 制御が渡らないコードです。
C:\Xview4K\Xview4Ktonsuke\BonDriver_BDA\tlv_parse.cpp(1930): warning C4702: 制御が渡らないコードです。
C:\Xview4K\Xview4Ktonsuke\BonDriver_BDA\tlv_parse.cpp(1931): warning C4702: 制御が渡らないコードです。
C:\Xview4K\Xview4Ktonsuke\BonDriver_BDA\tlv_parse.cpp(1933): warning C4702: 制御が渡らないコードです。
C:\Xview4K\Xview4Ktonsuke\BonDriver_BDA\tlv_parse.cpp(1938): warning C4702: 制御が渡らないコードです。
C:\Xview4K\Xview4Ktonsuke\BonDriver_BDA\tlv_parse.cpp(1941): warning C4702: 制御が渡らないコードです。
C:\Xview4K\Xview4Ktonsuke\BonDriver_BDA\tlv_parse.cpp(1944): warning C4702: 制御が渡らないコードです。
C:\Xview4K\Xview4Ktonsuke\BonDriver_BDA\tlv_parse.cpp(1945): warning C4702: 制御が渡らないコードです。
C:\Xview4K\Xview4Ktonsuke\BonDriver_BDA\tlv_parse.cpp(1946): warning C4702: 制御が渡らないコードです。
C:\Xview4K\Xview4Ktonsuke\BonDriver_BDA\tlv_parse.cpp(1948): warning C4702: 制御が渡らないコードです。
C:\Xview4K\Xview4Ktonsuke\BonDriver_BDA\tlv_parse.cpp(1952): warning C4702: 制御が渡らないコードです。
C:\Xview4K\Xview4Ktonsuke\BonDriver_BDA\tlv_parse.cpp(1955): warning C4702: 制御が渡らないコードです。
C:\Xview4K\Xview4Ktonsuke\BonDriver_BDA\tlv_parse.cpp(1960): warning C4702: 制御が渡らないコードです。
C:\Xview4K\Xview4Ktonsuke\BonDriver_BDA\tlv_parse.cpp(1963): warning C4702: 制御が渡らないコードです。
C:\Xview4K\Xview4Ktonsuke\BonDriver_BDA\tlv_parse.cpp(1965): warning C4702: 制御が渡らないコードです。
C:\Xview4K\Xview4Ktonsuke\BonDriver_BDA\tlv_parse.cpp(1967): warning C4702: 制御が渡らないコードです。
C:\Xview4K\Xview4Ktonsuke\BonDriver_BDA\tlv_parse.cpp(1968): warning C4702: 制御が渡らないコードです。
C:\Xview4K\Xview4Ktonsuke\BonDriver_BDA\tlv_parse.cpp(1969): warning C4702: 制御が渡らないコードです。
C:\Xview4K\Xview4Ktonsuke\BonDriver_BDA\tlv_parse.cpp(1970): warning C4702: 制御が渡らないコードです。
C:\Xview4K\Xview4Ktonsuke\BonDriver_BDA\tlv_parse.cpp(1990): warning C4702: 制御が渡らないコードです。
C:\Xview4K\Xview4Ktonsuke\BonDriver_BDA\tlv_parse.cpp(1994): warning C4702: 制御が渡らないコードです。
C:\Xview4K\Xview4Ktonsuke\BonDriver_BDA\tlv_parse.cpp(1997): warning C4702: 制御が渡らないコードです。
C:\Xview4K\Xview4Ktonsuke\BonDriver_BDA\tlv_parse.cpp(2003): warning C4702: 制御が渡らないコードです。
C:\Xview4K\Xview4Ktonsuke\BonDriver_BDA\tlv_parse.cpp(2005): warning C4702: 制御が渡らないコードです。
C:\Xview4K\Xview4Ktonsuke\BonDriver_BDA\tlv_parse.cpp(2007): warning C4702: 制御が渡らないコードです。
C:\Xview4K\Xview4Ktonsuke\BonDriver_BDA\tlv_parse.cpp(2009): warning C4702: 制御が渡らないコードです。
C:\Xview4K\Xview4Ktonsuke\BonDriver_BDA\tlv_parse.cpp(2013): warning C4702: 制御が渡らないコードです。
C:\Xview4K\Xview4Ktonsuke\BonDriver_BDA\tlv_parse.cpp(2015): warning C4702: 制御が渡らないコードです。
C:\Xview4K\Xview4Ktonsuke\BonDriver_BDA\tlv_parse.cpp(2017): warning C4702: 制御が渡らないコードです。
C:\Xview4K\Xview4Ktonsuke\BonDriver_BDA\tlv_parse.cpp(2018): warning C4702: 制御が渡らないコードです。
C:\Xview4K\Xview4Ktonsuke\BonDriver_BDA\tlv_parse.cpp(2021): warning C4702: 制御が渡らないコードです。
C:\Xview4K\Xview4Ktonsuke\BonDriver_BDA\tlv_parse.cpp(2023): warning C4702: 制御が渡らないコードです。
C:\Xview4K\Xview4Ktonsuke\BonDriver_BDA\tlv_parse.cpp(2025): warning C4702: 制御が渡らないコードです。
C:\Xview4K\Xview4Ktonsuke\BonDriver_BDA\tlv_parse.cpp(2026): warning C4702: 制御が渡らないコードです。
C:\Xview4K\Xview4Ktonsuke\BonDriver_BDA\tlv_parse.cpp(2031): warning C4702: 制御が渡らないコードです。
C:\Xview4K\Xview4Ktonsuke\BonDriver_BDA\tlv_parse.cpp(703): warning C4701: 初期化されていない可能性のあるローカル変数 'header_ext' が使用されます
C:\Xview4K\Xview4Ktonsuke\BonDriver_BDA\tlv_parse.cpp(703): warning C4703: 初期化されていない可能性のあるローカル ポインター変数 'header_ext' が使用されています
  a_cas_card.c
C:\Program Files (x86)\Windows Kits\8.1\Include\shared\winsmcrd.h(291,21): warning C4201: 非標準の拡張機能が使用されています: 無名の構造体または共用体です。
C:\Program Files (x86)\Windows Kits\8.1\Include\um\winscard.h(1103,6): warning C4201: 非標準の拡張機能が使用されています: 無名の構造体または共用体です。
C:\Xview4K\Xview4Ktonsuke\BonDriver_BDA\a_cas_card.c(319,56): warning C4100: 'casid': 引数は関数の本体部で 1 度も参照されません。
C:\Xview4K\Xview4Ktonsuke\BonDriver_BDA\a_cas_card.c(328,11): warning C4101: 'tail': ローカル変数は 1 度も使われていません。
C:\Xview4K\Xview4Ktonsuke\BonDriver_BDA\a_cas_card.c(329,11): warning C4101: 'temp': ローカル変数は 1 度も使われていません。
x64\Debug\stdafx.obj : warning LNK4042: オブジェクトの指定が重複しています。余分なものは無視されます。
     ライブラリ C:\Xview4K\Xview4Ktonsuke\x64\Debug\Xview4K.lib とオブジェクト C:\Xview4K\Xview4Ktonsuke\x64\Debug\Xview4K.exp を作成中
LINK : warning LNK4098: defaultlib 'LIBCMT' は他のライブラリの使用と競合しています。/NODEFAULTLIB:library を使用してください。
  BonDriver.vcxproj -> C:\Xview4K\Xview4Ktonsuke\x64\Debug\Xview4K.exe
