c:\xview4k\xview4k\bondriver_bda\x64\debug\xview4k.pch
c:\xview4k\xview4k\bondriver_bda\x64\debug\vc142.pdb
c:\xview4k\xview4k\bondriver_bda\x64\debug\vc142.idb
c:\xview4k\xview4k\bondriver_bda\x64\debug\stdafx.obj
c:\xview4k\xview4k\bondriver_bda\x64\debug\main.obj
c:\xview4k\xview4k\bondriver_bda\x64\debug\myayncsrcfilter.obj
c:\xview4k\xview4k\bondriver_bda\x64\debug\frame_buffer.obj
c:\xview4k\xview4k\bondriver_bda\x64\debug\bontuner.obj
c:\xview4k\xview4k\bondriver_bda\x64\debug\bondriver.obj
c:\xview4k\xview4k\bondriver_bda\x64\debug\asyncoutpin.obj
c:\xview4k\xview4k\bondriver_bda\x64\debug\lav_streamparser.obj
c:\xview4k\xview4k\bondriver_bda\x64\debug\lav_settingsprop.obj
c:\xview4k\xview4k\bondriver_bda\x64\debug\lav_packetqueue.obj
c:\xview4k\xview4k\bondriver_bda\x64\debug\lav_packetallocator.obj
c:\xview4k\xview4k\bondriver_bda\x64\debug\lav_outputpin.obj
c:\xview4k\xview4k\bondriver_bda\x64\debug\lavsplittertrayicon.obj
c:\xview4k\xview4k\bondriver_bda\x64\debug\lavsplitter.obj
c:\xview4k\xview4k\bondriver_bda\x64\debug\lav_inputpin.obj
c:\xview4k\xview4k\bondriver_bda\x64\debug\lav_dllmain.obj
c:\xview4k\xview4k\bondriver_bda\x64\debug\dsfilterenum.obj
c:\xview4k\xview4k\bondriver_bda\x64\debug\crc32.obj
c:\xview4k\xview4k\bondriver_bda\x64\debug\common.obj
c:\xview4k\xview4k\bondriver_bda\x64\debug\cinifileaccess.obj
c:\xview4k\xview4k\bondriver_bda\x64\debug\ts_buff.obj
c:\xview4k\xview4k\bondriver_bda\x64\debug\tswriter.obj
c:\xview4k\xview4k\bondriver_bda\x64\debug\tsmf.obj
c:\xview4k\xview4k\bondriver_bda\x64\debug\tlv_parse.obj
c:\xview4k\xview4k\bondriver_bda\x64\debug\a_cas_card.obj
c:\xview4k\xview4k\x64\debug\xview4k.exe
c:\xview4k\xview4k\x64\debug\xview4k.ilk
c:\xview4k\xview4k\x64\debug\xview4k.pdb
c:\xview4k\xview4k\bondriver_bda\x64\debug\lavsplitter.res
c:\xview4k\xview4k\bondriver_bda\x64\debug\bondriver_bda.res
c:\xview4k\xview4k\x64\debug\xview4k.lib
c:\xview4k\xview4k\x64\debug\xview4k.exp
c:\xview4k\xview4ktonsuke\bondriver_bda\x64\debug\asyncoutpin.obj
c:\xview4k\xview4ktonsuke\bondriver_bda\x64\debug\a_cas_card.obj
c:\xview4k\xview4ktonsuke\bondriver_bda\x64\debug\bondriver.obj
c:\xview4k\xview4ktonsuke\bondriver_bda\x64\debug\bontuner.obj
c:\xview4k\xview4ktonsuke\bondriver_bda\x64\debug\cinifileaccess.obj
c:\xview4k\xview4ktonsuke\bondriver_bda\x64\debug\common.obj
c:\xview4k\xview4ktonsuke\bondriver_bda\x64\debug\crc32.obj
c:\xview4k\xview4ktonsuke\bondriver_bda\x64\debug\dsfilterenum.obj
c:\xview4k\xview4ktonsuke\bondriver_bda\x64\debug\frame_buffer.obj
c:\xview4k\xview4ktonsuke\bondriver_bda\x64\debug\lavsplitter.obj
c:\xview4k\xview4ktonsuke\bondriver_bda\x64\debug\lavsplittertrayicon.obj
c:\xview4k\xview4ktonsuke\bondriver_bda\x64\debug\lav_dllmain.obj
c:\xview4k\xview4ktonsuke\bondriver_bda\x64\debug\lav_inputpin.obj
c:\xview4k\xview4ktonsuke\bondriver_bda\x64\debug\lav_outputpin.obj
c:\xview4k\xview4ktonsuke\bondriver_bda\x64\debug\lav_packetallocator.obj
c:\xview4k\xview4ktonsuke\bondriver_bda\x64\debug\lav_packetqueue.obj
c:\xview4k\xview4ktonsuke\bondriver_bda\x64\debug\lav_settingsprop.obj
c:\xview4k\xview4ktonsuke\bondriver_bda\x64\debug\lav_streamparser.obj
c:\xview4k\xview4ktonsuke\bondriver_bda\x64\debug\main.obj
c:\xview4k\xview4ktonsuke\bondriver_bda\x64\debug\myayncsrcfilter.obj
c:\xview4k\xview4ktonsuke\bondriver_bda\x64\debug\stdafx.obj
c:\xview4k\xview4ktonsuke\bondriver_bda\x64\debug\tlv_parse.obj
c:\xview4k\xview4ktonsuke\bondriver_bda\x64\debug\tsmf.obj
c:\xview4k\xview4ktonsuke\bondriver_bda\x64\debug\tswriter.obj
c:\xview4k\xview4ktonsuke\bondriver_bda\x64\debug\ts_buff.obj
c:\xview4k\xview4ktonsuke\bondriver_bda\x64\debug\bondriver_bda.res
c:\xview4k\xview4ktonsuke\bondriver_bda\x64\debug\lavsplitter.res
c:\xview4k\xview4ktonsuke\bondriver_bda\x64\debug\xview4k.pch
c:\xview4k\xview4ktonsuke\bondriver_bda\x64\debug\vc142.idb
c:\xview4k\xview4ktonsuke\bondriver_bda\x64\debug\vc142.pdb
c:\xview4k\xview4ktonsuke\bondriver_bda\x64\debug\xview4k.tlog\cl.command.1.tlog
c:\xview4k\xview4ktonsuke\bondriver_bda\x64\debug\xview4k.tlog\cl.read.1.tlog
c:\xview4k\xview4ktonsuke\bondriver_bda\x64\debug\xview4k.tlog\cl.write.1.tlog
c:\xview4k\xview4ktonsuke\bondriver_bda\x64\debug\xview4k.tlog\link.command.1.tlog
c:\xview4k\xview4ktonsuke\bondriver_bda\x64\debug\xview4k.tlog\link.read.1.tlog
c:\xview4k\xview4ktonsuke\bondriver_bda\x64\debug\xview4k.tlog\link.write.1.tlog
c:\xview4k\xview4ktonsuke\bondriver_bda\x64\debug\xview4k.tlog\rc.command.1.tlog
c:\xview4k\xview4ktonsuke\bondriver_bda\x64\debug\xview4k.tlog\rc.read.1.tlog
c:\xview4k\xview4ktonsuke\bondriver_bda\x64\debug\xview4k.tlog\rc.write.1.tlog
c:\xview4k\xview4ktonsuke\bondriver_bda\x64\debug\xview4k.tlog\xview4k.write.1u.tlog
