e:\misete4kフォーク元20200318\bondriver_bda\projects\freetype-2.8\objs\vc2010\x64\release\ftdebug.obj
e:\misete4kフォーク元20200318\bondriver_bda\projects\freetype-2.8\objs\vc2010\x64\release\ftcache.obj
e:\misete4kフォーク元20200318\bondriver_bda\projects\freetype-2.8\objs\vc2010\x64\release\ftsystem.obj
e:\misete4kフォーク元20200318\bondriver_bda\projects\freetype-2.8\objs\vc2010\x64\release\ftmm.obj
e:\misete4kフォーク元20200318\bondriver_bda\projects\freetype-2.8\objs\vc2010\x64\release\pshinter.obj
e:\misete4kフォーク元20200318\bondriver_bda\projects\freetype-2.8\objs\vc2010\x64\release\truetype.obj
e:\misete4kフォーク元20200318\bondriver_bda\projects\freetype-2.8\objs\vc2010\x64\release\ftbase.obj
e:\misete4kフォーク元20200318\bondriver_bda\projects\freetype-2.8\objs\vc2010\x64\release\sfnt.obj
e:\misete4kフォーク元20200318\bondriver_bda\projects\freetype-2.8\objs\vc2010\x64\release\bdf.obj
e:\misete4kフォーク元20200318\bondriver_bda\projects\freetype-2.8\objs\vc2010\x64\release\ftinit.obj
e:\misete4kフォーク元20200318\bondriver_bda\projects\freetype-2.8\objs\vc2010\x64\release\smooth.obj
e:\misete4kフォーク元20200318\bondriver_bda\projects\freetype-2.8\objs\vc2010\x64\release\psaux.obj
e:\misete4kフォーク元20200318\bondriver_bda\projects\freetype-2.8\objs\vc2010\x64\release\type1.obj
e:\misete4kフォーク元20200318\bondriver_bda\projects\freetype-2.8\objs\vc2010\x64\release\winfnt.obj
e:\misete4kフォーク元20200318\bondriver_bda\projects\freetype-2.8\objs\vc2010\x64\release\ftgzip.obj
e:\misete4kフォーク元20200318\bondriver_bda\projects\freetype-2.8\objs\vc2010\x64\release\pfr.obj
e:\misete4kフォーク元20200318\bondriver_bda\projects\freetype-2.8\objs\vc2010\x64\release\raster.obj
e:\misete4kフォーク元20200318\bondriver_bda\projects\freetype-2.8\objs\vc2010\x64\release\type42.obj
e:\misete4kフォーク元20200318\bondriver_bda\projects\freetype-2.8\objs\vc2010\x64\release\ftglyph.obj
e:\misete4kフォーク元20200318\bondriver_bda\projects\freetype-2.8\objs\vc2010\x64\release\ftlzw.obj
e:\misete4kフォーク元20200318\bondriver_bda\projects\freetype-2.8\objs\vc2010\x64\release\pcf.obj
e:\misete4kフォーク元20200318\bondriver_bda\projects\freetype-2.8\objs\vc2010\x64\release\psmodule.obj
e:\misete4kフォーク元20200318\bondriver_bda\projects\freetype-2.8\objs\vc2010\x64\release\type1cid.obj
e:\misete4kフォーク元20200318\bondriver_bda\projects\freetype-2.8\objs\vc2010\x64\release\cff.obj
e:\misete4kフォーク元20200318\bondriver_bda\projects\freetype-2.8\objs\vc2010\x64\release\ftbbox.obj
e:\misete4kフォーク元20200318\bondriver_bda\projects\freetype-2.8\objs\vc2010\x64\release\fttype1.obj
e:\misete4kフォーク元20200318\bondriver_bda\projects\freetype-2.8\objs\vc2010\x64\release\ftotval.obj
e:\misete4kフォーク元20200318\bondriver_bda\projects\freetype-2.8\objs\vc2010\x64\release\ftpatent.obj
e:\misete4kフォーク元20200318\bondriver_bda\projects\freetype-2.8\objs\vc2010\x64\release\ftbitmap.obj
e:\misete4kフォーク元20200318\bondriver_bda\projects\freetype-2.8\objs\vc2010\x64\release\ftfntfmt.obj
e:\misete4kフォーク元20200318\bondriver_bda\projects\freetype-2.8\objs\vc2010\x64\release\ftgxval.obj
e:\misete4kフォーク元20200318\bondriver_bda\projects\freetype-2.8\objs\vc2010\x64\release\ftfstype.obj
e:\misete4kフォーク元20200318\bondriver_bda\projects\freetype-2.8\objs\vc2010\x64\release\ftsynth.obj
e:\misete4kフォーク元20200318\bondriver_bda\projects\freetype-2.8\objs\vc2010\x64\release\ftwinfnt.obj
e:\misete4kフォーク元20200318\bondriver_bda\projects\freetype-2.8\objs\vc2010\x64\release\ftgasp.obj
e:\misete4kフォーク元20200318\bondriver_bda\projects\freetype-2.8\objs\vc2010\x64\release\ftpfr.obj
e:\misete4kフォーク元20200318\bondriver_bda\projects\freetype-2.8\objs\vc2010\x64\release\ftlcdfil.obj
e:\misete4kフォーク元20200318\bondriver_bda\projects\freetype-2.8\objs\vc2010\x64\release\ftstroke.obj
e:\misete4kフォーク元20200318\bondriver_bda\projects\freetype-2.8\objs\vc2010\x64\release\autofit.obj
e:\misete4kフォーク元20200318\bondriver_bda\projects\freetype-2.8\objs\vc2010\x64\freetype28.lib
e:\misete4kフォーク元20200318\bondriver_bda\projects\freetype-2.8\builds\windows\vc2010\.\..\..\..\objs\vc2010\x64\freetype28.lib
e:\misete4kフォーク元20200318\bondriver_bda\projects\freetype-2.8\objs\vc2010\x64\release\freetype.tlog\cl.command.1.tlog
e:\misete4kフォーク元20200318\bondriver_bda\projects\freetype-2.8\objs\vc2010\x64\release\freetype.tlog\cl.read.1.tlog
e:\misete4kフォーク元20200318\bondriver_bda\projects\freetype-2.8\objs\vc2010\x64\release\freetype.tlog\cl.write.1.tlog
e:\misete4kフォーク元20200318\bondriver_bda\projects\freetype-2.8\objs\vc2010\x64\release\freetype.tlog\lib-link.read.1.tlog
e:\misete4kフォーク元20200318\bondriver_bda\projects\freetype-2.8\objs\vc2010\x64\release\freetype.tlog\lib-link.write.1.tlog
e:\misete4kフォーク元20200318\bondriver_bda\projects\freetype-2.8\objs\vc2010\x64\release\freetype.tlog\lib.command.1.tlog
