c:\xview4k\xview4k\bondriver_bda\x64\release\xview4k.pch
c:\xview4k\xview4k\bondriver_bda\x64\release\vc142.pdb
c:\xview4k\xview4k\bondriver_bda\x64\release\stdafx.obj
c:\xview4k\xview4k\bondriver_bda\x64\release\main.obj
c:\xview4k\xview4k\bondriver_bda\x64\release\myayncsrcfilter.obj
c:\xview4k\xview4k\bondriver_bda\x64\release\frame_buffer.obj
c:\xview4k\xview4k\bondriver_bda\x64\release\bontuner.obj
c:\xview4k\xview4k\bondriver_bda\x64\release\bondriver.obj
c:\xview4k\xview4k\bondriver_bda\x64\release\asyncoutpin.obj
c:\xview4k\xview4k\bondriver_bda\x64\release\lav_streamparser.obj
c:\xview4k\xview4k\bondriver_bda\x64\release\lav_settingsprop.obj
c:\xview4k\xview4k\bondriver_bda\x64\release\lav_packetqueue.obj
c:\xview4k\xview4k\bondriver_bda\x64\release\lav_packetallocator.obj
c:\xview4k\xview4k\bondriver_bda\x64\release\lav_outputpin.obj
c:\xview4k\xview4k\bondriver_bda\x64\release\lavsplittertrayicon.obj
c:\xview4k\xview4k\bondriver_bda\x64\release\lavsplitter.obj
c:\xview4k\xview4k\bondriver_bda\x64\release\lav_inputpin.obj
c:\xview4k\xview4k\bondriver_bda\x64\release\lav_dllmain.obj
c:\xview4k\xview4k\bondriver_bda\x64\release\dsfilterenum.obj
c:\xview4k\xview4k\bondriver_bda\x64\release\crc32.obj
c:\xview4k\xview4k\bondriver_bda\x64\release\common.obj
c:\xview4k\xview4k\bondriver_bda\x64\release\cinifileaccess.obj
c:\xview4k\xview4k\bondriver_bda\x64\release\ts_buff.obj
c:\xview4k\xview4k\bondriver_bda\x64\release\tswriter.obj
c:\xview4k\xview4k\bondriver_bda\x64\release\tsmf.obj
c:\xview4k\xview4k\bondriver_bda\x64\release\tlv_parse.obj
c:\xview4k\xview4k\bondriver_bda\x64\release\a_cas_card.obj
c:\xview4k\xview4k\x64\release\xview4k.exe
c:\xview4k\xview4k\bondriver_bda\x64\release\xview4k.ipdb
c:\xview4k\xview4k\bondriver_bda\x64\release\xview4k.iobj
c:\xview4k\xview4k\bondriver_bda\x64\release\lavsplitter.res
c:\xview4k\xview4k\bondriver_bda\x64\release\bondriver_bda.res
c:\xview4k\xview4k\x64\release\xview4k.lib
c:\xview4k\xview4k\x64\release\xview4k.exp
c:\xview4k\xview4ktonsuke\bondriver_bda\x64\release\asyncoutpin.obj
c:\xview4k\xview4ktonsuke\bondriver_bda\x64\release\a_cas_card.obj
c:\xview4k\xview4ktonsuke\bondriver_bda\x64\release\bondriver.obj
c:\xview4k\xview4ktonsuke\bondriver_bda\x64\release\bontuner.obj
c:\xview4k\xview4ktonsuke\bondriver_bda\x64\release\cinifileaccess.obj
c:\xview4k\xview4ktonsuke\bondriver_bda\x64\release\common.obj
c:\xview4k\xview4ktonsuke\bondriver_bda\x64\release\crc32.obj
c:\xview4k\xview4ktonsuke\bondriver_bda\x64\release\dsfilterenum.obj
c:\xview4k\xview4ktonsuke\bondriver_bda\x64\release\frame_buffer.obj
c:\xview4k\xview4ktonsuke\bondriver_bda\x64\release\lavsplitter.obj
c:\xview4k\xview4ktonsuke\bondriver_bda\x64\release\lavsplittertrayicon.obj
c:\xview4k\xview4ktonsuke\bondriver_bda\x64\release\lav_dllmain.obj
c:\xview4k\xview4ktonsuke\bondriver_bda\x64\release\lav_inputpin.obj
c:\xview4k\xview4ktonsuke\bondriver_bda\x64\release\lav_outputpin.obj
c:\xview4k\xview4ktonsuke\bondriver_bda\x64\release\lav_packetallocator.obj
c:\xview4k\xview4ktonsuke\bondriver_bda\x64\release\lav_packetqueue.obj
c:\xview4k\xview4ktonsuke\bondriver_bda\x64\release\lav_settingsprop.obj
c:\xview4k\xview4ktonsuke\bondriver_bda\x64\release\lav_streamparser.obj
c:\xview4k\xview4ktonsuke\bondriver_bda\x64\release\main.obj
c:\xview4k\xview4ktonsuke\bondriver_bda\x64\release\myayncsrcfilter.obj
c:\xview4k\xview4ktonsuke\bondriver_bda\x64\release\stdafx.obj
c:\xview4k\xview4ktonsuke\bondriver_bda\x64\release\tlv_parse.obj
c:\xview4k\xview4ktonsuke\bondriver_bda\x64\release\tsmf.obj
c:\xview4k\xview4ktonsuke\bondriver_bda\x64\release\tswriter.obj
c:\xview4k\xview4ktonsuke\bondriver_bda\x64\release\ts_buff.obj
c:\xview4k\xview4ktonsuke\bondriver_bda\x64\release\xview4k.ipdb
c:\xview4k\xview4ktonsuke\bondriver_bda\x64\release\xview4k.iobj
c:\xview4k\xview4ktonsuke\bondriver_bda\x64\release\bondriver_bda.res
c:\xview4k\xview4ktonsuke\bondriver_bda\x64\release\lavsplitter.res
c:\xview4k\xview4ktonsuke\bondriver_bda\x64\release\xview4k.pch
c:\xview4k\xview4ktonsuke\bondriver_bda\x64\release\vc142.pdb
c:\xview4k\xview4ktonsuke\bondriver_bda\x64\release\xview4k.tlog\cl.command.1.tlog
c:\xview4k\xview4ktonsuke\bondriver_bda\x64\release\xview4k.tlog\cl.read.1.tlog
c:\xview4k\xview4ktonsuke\bondriver_bda\x64\release\xview4k.tlog\cl.write.1.tlog
c:\xview4k\xview4ktonsuke\bondriver_bda\x64\release\xview4k.tlog\link.command.1.tlog
c:\xview4k\xview4ktonsuke\bondriver_bda\x64\release\xview4k.tlog\link.read.1.tlog
c:\xview4k\xview4ktonsuke\bondriver_bda\x64\release\xview4k.tlog\link.write.1.tlog
c:\xview4k\xview4ktonsuke\bondriver_bda\x64\release\xview4k.tlog\rc.command.1.tlog
c:\xview4k\xview4ktonsuke\bondriver_bda\x64\release\xview4k.tlog\rc.read.1.tlog
c:\xview4k\xview4ktonsuke\bondriver_bda\x64\release\xview4k.tlog\rc.write.1.tlog
c:\xview4k\xview4ktonsuke\bondriver_bda\x64\release\xview4k.tlog\xview4k.write.1u.tlog
