c:\users\lucky\source\repos\misete4k_20200417\bdaspecials\tbs\x64\debug\vc142.pdb
c:\users\lucky\source\repos\misete4k_20200417\bdaspecials\tbs\x64\debug\vc142.idb
c:\users\lucky\source\repos\misete4k_20200417\bdaspecials\tbs\x64\debug\tbsspecials.obj
c:\users\lucky\source\repos\misete4k_20200417\bdaspecials\tbs\x64\debug\dsfilterenum.obj
c:\users\lucky\source\repos\misete4k_20200417\bdaspecials\tbs\x64\debug\common.obj
c:\users\lucky\source\repos\misete4k_20200417\bdaspecials\tbs\x64\debug\cinifileaccess.obj
c:\users\lucky\source\repos\misete4k_20200417\x64\debug\tbs.ilk
c:\users\lucky\source\repos\misete4k_20200417\x64\debug\tbs.dll
c:\users\lucky\source\repos\misete4k_20200417\x64\debug\tbs.pdb
c:\users\lucky\source\repos\misete4k_20200417\x64\debug\tbs.lib
c:\users\lucky\source\repos\misete4k_20200417\x64\debug\tbs.exp
c:\users\lucky\desktop\misete4k_source\misete4k_source_20200926\bdaspecials\tbs\x64\debug\cinifileaccess.obj
c:\users\lucky\desktop\misete4k_source\misete4k_source_20200926\bdaspecials\tbs\x64\debug\common.obj
c:\users\lucky\desktop\misete4k_source\misete4k_source_20200926\bdaspecials\tbs\x64\debug\dsfilterenum.obj
c:\users\lucky\desktop\misete4k_source\misete4k_source_20200926\bdaspecials\tbs\x64\debug\tbsspecials.obj
c:\users\lucky\desktop\misete4k_source\misete4k_source_20200926\bdaspecials\tbs\x64\debug\vc142.idb
c:\users\lucky\desktop\misete4k_source\misete4k_source_20200926\bdaspecials\tbs\x64\debug\vc142.pdb
c:\users\lucky\desktop\misete4k_source\misete4k_source_20200926\x64\debug\tbs.pdb
c:\users\lucky\desktop\misete4k_source\misete4k_source_20200926\x64\debug\tbs.dll
c:\users\lucky\desktop\misete4k_source\misete4k_source_20200926\x64\debug\tbs.ilk
c:\users\lucky\desktop\misete4k_source\misete4k_source_20200926\bdaspecials\tbs\x64\debug\tbs.tlog\cl.command.1.tlog
c:\users\lucky\desktop\misete4k_source\misete4k_source_20200926\bdaspecials\tbs\x64\debug\tbs.tlog\cl.read.1.tlog
c:\users\lucky\desktop\misete4k_source\misete4k_source_20200926\bdaspecials\tbs\x64\debug\tbs.tlog\cl.write.1.tlog
c:\users\lucky\desktop\misete4k_source\misete4k_source_20200926\bdaspecials\tbs\x64\debug\tbs.tlog\link.command.1.tlog
c:\users\lucky\desktop\misete4k_source\misete4k_source_20200926\bdaspecials\tbs\x64\debug\tbs.tlog\link.read.1.tlog
c:\users\lucky\desktop\misete4k_source\misete4k_source_20200926\bdaspecials\tbs\x64\debug\tbs.tlog\link.write.1.tlog
c:\users\lucky\desktop\misete4k_source\misete4k_source_20200926\bdaspecials\tbs\x64\debug\tbs.tlog\tbs.write.1u.tlog
