c:\users\lucky\source\repos\misete4k_20200417\projects\freetype-2.8\objs\vc2010\x64\freetype28d.pdb
c:\users\lucky\source\repos\misete4k_20200417\projects\freetype-2.8\objs\vc2010\x64\debug\ftdebug.obj
c:\users\lucky\source\repos\misete4k_20200417\projects\freetype-2.8\objs\vc2010\x64\debug\bdf.obj
c:\users\lucky\source\repos\misete4k_20200417\projects\freetype-2.8\objs\vc2010\x64\debug\ftglyph.obj
c:\users\lucky\source\repos\misete4k_20200417\projects\freetype-2.8\objs\vc2010\x64\debug\smooth.obj
c:\users\lucky\source\repos\misete4k_20200417\projects\freetype-2.8\objs\vc2010\x64\debug\fttype1.obj
c:\users\lucky\source\repos\misete4k_20200417\projects\freetype-2.8\objs\vc2010\x64\debug\ftpatent.obj
c:\users\lucky\source\repos\misete4k_20200417\projects\freetype-2.8\objs\vc2010\x64\debug\psmodule.obj
c:\users\lucky\source\repos\misete4k_20200417\projects\freetype-2.8\objs\vc2010\x64\debug\winfnt.obj
c:\users\lucky\source\repos\misete4k_20200417\projects\freetype-2.8\objs\vc2010\x64\debug\ftbitmap.obj
c:\users\lucky\source\repos\misete4k_20200417\projects\freetype-2.8\objs\vc2010\x64\debug\ftfstype.obj
c:\users\lucky\source\repos\misete4k_20200417\projects\freetype-2.8\objs\vc2010\x64\debug\ftinit.obj
c:\users\lucky\source\repos\misete4k_20200417\projects\freetype-2.8\objs\vc2010\x64\debug\ftmm.obj
c:\users\lucky\source\repos\misete4k_20200417\projects\freetype-2.8\objs\vc2010\x64\debug\ftgxval.obj
c:\users\lucky\source\repos\misete4k_20200417\projects\freetype-2.8\objs\vc2010\x64\debug\psaux.obj
c:\users\lucky\source\repos\misete4k_20200417\projects\freetype-2.8\objs\vc2010\x64\debug\type1cid.obj
c:\users\lucky\source\repos\misete4k_20200417\projects\freetype-2.8\objs\vc2010\x64\debug\cff.obj
c:\users\lucky\source\repos\misete4k_20200417\projects\freetype-2.8\objs\vc2010\x64\debug\ftlzw.obj
c:\users\lucky\source\repos\misete4k_20200417\projects\freetype-2.8\objs\vc2010\x64\debug\ftpfr.obj
c:\users\lucky\source\repos\misete4k_20200417\projects\freetype-2.8\objs\vc2010\x64\debug\ftlcdfil.obj
c:\users\lucky\source\repos\misete4k_20200417\projects\freetype-2.8\objs\vc2010\x64\debug\pshinter.obj
c:\users\lucky\source\repos\misete4k_20200417\projects\freetype-2.8\objs\vc2010\x64\debug\type1.obj
c:\users\lucky\source\repos\misete4k_20200417\projects\freetype-2.8\objs\vc2010\x64\debug\ftbase.obj
c:\users\lucky\source\repos\misete4k_20200417\projects\freetype-2.8\objs\vc2010\x64\debug\ftstroke.obj
c:\users\lucky\source\repos\misete4k_20200417\projects\freetype-2.8\objs\vc2010\x64\debug\ftsynth.obj
c:\users\lucky\source\repos\misete4k_20200417\projects\freetype-2.8\objs\vc2010\x64\debug\pfr.obj
c:\users\lucky\source\repos\misete4k_20200417\projects\freetype-2.8\objs\vc2010\x64\debug\truetype.obj
c:\users\lucky\source\repos\misete4k_20200417\projects\freetype-2.8\objs\vc2010\x64\debug\autofit.obj
c:\users\lucky\source\repos\misete4k_20200417\projects\freetype-2.8\objs\vc2010\x64\debug\ftgzip.obj
c:\users\lucky\source\repos\misete4k_20200417\projects\freetype-2.8\objs\vc2010\x64\debug\ftbbox.obj
c:\users\lucky\source\repos\misete4k_20200417\projects\freetype-2.8\objs\vc2010\x64\debug\ftwinfnt.obj
c:\users\lucky\source\repos\misete4k_20200417\projects\freetype-2.8\objs\vc2010\x64\debug\pcf.obj
c:\users\lucky\source\repos\misete4k_20200417\projects\freetype-2.8\objs\vc2010\x64\debug\raster.obj
c:\users\lucky\source\repos\misete4k_20200417\projects\freetype-2.8\objs\vc2010\x64\debug\type42.obj
c:\users\lucky\source\repos\misete4k_20200417\projects\freetype-2.8\objs\vc2010\x64\debug\ftcache.obj
c:\users\lucky\source\repos\misete4k_20200417\projects\freetype-2.8\objs\vc2010\x64\debug\ftgasp.obj
c:\users\lucky\source\repos\misete4k_20200417\projects\freetype-2.8\objs\vc2010\x64\debug\ftsystem.obj
c:\users\lucky\source\repos\misete4k_20200417\projects\freetype-2.8\objs\vc2010\x64\debug\ftfntfmt.obj
c:\users\lucky\source\repos\misete4k_20200417\projects\freetype-2.8\objs\vc2010\x64\debug\ftotval.obj
c:\users\lucky\source\repos\misete4k_20200417\projects\freetype-2.8\objs\vc2010\x64\debug\sfnt.obj
c:\users\lucky\source\repos\misete4k_20200417\projects\freetype-2.8\objs\vc2010\x64\freetype28d.lib
c:\users\lucky\desktop\misete4k_source\misete4k_source_20200926\projects\freetype-2.8\objs\vc2010\x64\debug\autofit.obj
c:\users\lucky\desktop\misete4k_source\misete4k_source_20200926\projects\freetype-2.8\objs\vc2010\x64\debug\bdf.obj
c:\users\lucky\desktop\misete4k_source\misete4k_source_20200926\projects\freetype-2.8\objs\vc2010\x64\debug\cff.obj
c:\users\lucky\desktop\misete4k_source\misete4k_source_20200926\projects\freetype-2.8\objs\vc2010\x64\debug\ftbase.obj
c:\users\lucky\desktop\misete4k_source\misete4k_source_20200926\projects\freetype-2.8\objs\vc2010\x64\debug\ftbbox.obj
c:\users\lucky\desktop\misete4k_source\misete4k_source_20200926\projects\freetype-2.8\objs\vc2010\x64\debug\ftbitmap.obj
c:\users\lucky\desktop\misete4k_source\misete4k_source_20200926\projects\freetype-2.8\objs\vc2010\x64\debug\ftcache.obj
c:\users\lucky\desktop\misete4k_source\misete4k_source_20200926\projects\freetype-2.8\objs\vc2010\x64\debug\ftdebug.obj
c:\users\lucky\desktop\misete4k_source\misete4k_source_20200926\projects\freetype-2.8\objs\vc2010\x64\debug\ftfntfmt.obj
c:\users\lucky\desktop\misete4k_source\misete4k_source_20200926\projects\freetype-2.8\objs\vc2010\x64\debug\ftfstype.obj
c:\users\lucky\desktop\misete4k_source\misete4k_source_20200926\projects\freetype-2.8\objs\vc2010\x64\debug\ftgasp.obj
c:\users\lucky\desktop\misete4k_source\misete4k_source_20200926\projects\freetype-2.8\objs\vc2010\x64\debug\ftglyph.obj
c:\users\lucky\desktop\misete4k_source\misete4k_source_20200926\projects\freetype-2.8\objs\vc2010\x64\debug\ftgxval.obj
c:\users\lucky\desktop\misete4k_source\misete4k_source_20200926\projects\freetype-2.8\objs\vc2010\x64\debug\ftgzip.obj
c:\users\lucky\desktop\misete4k_source\misete4k_source_20200926\projects\freetype-2.8\objs\vc2010\x64\debug\ftinit.obj
c:\users\lucky\desktop\misete4k_source\misete4k_source_20200926\projects\freetype-2.8\objs\vc2010\x64\debug\ftlcdfil.obj
c:\users\lucky\desktop\misete4k_source\misete4k_source_20200926\projects\freetype-2.8\objs\vc2010\x64\debug\ftlzw.obj
c:\users\lucky\desktop\misete4k_source\misete4k_source_20200926\projects\freetype-2.8\objs\vc2010\x64\debug\ftmm.obj
c:\users\lucky\desktop\misete4k_source\misete4k_source_20200926\projects\freetype-2.8\objs\vc2010\x64\debug\ftotval.obj
c:\users\lucky\desktop\misete4k_source\misete4k_source_20200926\projects\freetype-2.8\objs\vc2010\x64\debug\ftpatent.obj
c:\users\lucky\desktop\misete4k_source\misete4k_source_20200926\projects\freetype-2.8\objs\vc2010\x64\debug\ftpfr.obj
c:\users\lucky\desktop\misete4k_source\misete4k_source_20200926\projects\freetype-2.8\objs\vc2010\x64\debug\ftstroke.obj
c:\users\lucky\desktop\misete4k_source\misete4k_source_20200926\projects\freetype-2.8\objs\vc2010\x64\debug\ftsynth.obj
c:\users\lucky\desktop\misete4k_source\misete4k_source_20200926\projects\freetype-2.8\objs\vc2010\x64\debug\ftsystem.obj
c:\users\lucky\desktop\misete4k_source\misete4k_source_20200926\projects\freetype-2.8\objs\vc2010\x64\debug\fttype1.obj
c:\users\lucky\desktop\misete4k_source\misete4k_source_20200926\projects\freetype-2.8\objs\vc2010\x64\debug\ftwinfnt.obj
c:\users\lucky\desktop\misete4k_source\misete4k_source_20200926\projects\freetype-2.8\objs\vc2010\x64\debug\pcf.obj
c:\users\lucky\desktop\misete4k_source\misete4k_source_20200926\projects\freetype-2.8\objs\vc2010\x64\debug\pfr.obj
c:\users\lucky\desktop\misete4k_source\misete4k_source_20200926\projects\freetype-2.8\objs\vc2010\x64\debug\psaux.obj
c:\users\lucky\desktop\misete4k_source\misete4k_source_20200926\projects\freetype-2.8\objs\vc2010\x64\debug\pshinter.obj
c:\users\lucky\desktop\misete4k_source\misete4k_source_20200926\projects\freetype-2.8\objs\vc2010\x64\debug\psmodule.obj
c:\users\lucky\desktop\misete4k_source\misete4k_source_20200926\projects\freetype-2.8\objs\vc2010\x64\debug\raster.obj
c:\users\lucky\desktop\misete4k_source\misete4k_source_20200926\projects\freetype-2.8\objs\vc2010\x64\debug\sfnt.obj
c:\users\lucky\desktop\misete4k_source\misete4k_source_20200926\projects\freetype-2.8\objs\vc2010\x64\debug\smooth.obj
c:\users\lucky\desktop\misete4k_source\misete4k_source_20200926\projects\freetype-2.8\objs\vc2010\x64\debug\truetype.obj
c:\users\lucky\desktop\misete4k_source\misete4k_source_20200926\projects\freetype-2.8\objs\vc2010\x64\debug\type1.obj
c:\users\lucky\desktop\misete4k_source\misete4k_source_20200926\projects\freetype-2.8\objs\vc2010\x64\debug\type1cid.obj
c:\users\lucky\desktop\misete4k_source\misete4k_source_20200926\projects\freetype-2.8\objs\vc2010\x64\debug\type42.obj
c:\users\lucky\desktop\misete4k_source\misete4k_source_20200926\projects\freetype-2.8\objs\vc2010\x64\debug\winfnt.obj
c:\users\lucky\desktop\misete4k_source\misete4k_source_20200926\projects\freetype-2.8\builds\windows\vc2010\.\..\..\..\objs\vc2010\x64\freetype28d.lib
c:\users\lucky\desktop\misete4k_source\misete4k_source_20200926\projects\freetype-2.8\objs\vc2010\x64\debug\freetype.tlog\cl.command.1.tlog
c:\users\lucky\desktop\misete4k_source\misete4k_source_20200926\projects\freetype-2.8\objs\vc2010\x64\debug\freetype.tlog\cl.read.1.tlog
c:\users\lucky\desktop\misete4k_source\misete4k_source_20200926\projects\freetype-2.8\objs\vc2010\x64\debug\freetype.tlog\cl.write.1.tlog
c:\users\lucky\desktop\misete4k_source\misete4k_source_20200926\projects\freetype-2.8\objs\vc2010\x64\debug\freetype.tlog\lib-link.read.1.tlog
c:\users\lucky\desktop\misete4k_source\misete4k_source_20200926\projects\freetype-2.8\objs\vc2010\x64\debug\freetype.tlog\lib-link.write.1.tlog
c:\users\lucky\desktop\misete4k_source\misete4k_source_20200926\projects\freetype-2.8\objs\vc2010\x64\debug\freetype.tlog\lib.command.1.tlog
