c:\users\lucky\source\repos\misete4k_20200417\bdaspecials\dvbworld\x64\debug\vc142.pdb
c:\users\lucky\source\repos\misete4k_20200417\bdaspecials\dvbworld\x64\debug\vc142.idb
c:\users\lucky\source\repos\misete4k_20200417\bdaspecials\dvbworld\x64\debug\dvbworldspecials.obj
c:\users\lucky\source\repos\misete4k_20200417\x64\debug\dvbworld.lib
c:\users\lucky\source\repos\misete4k_20200417\x64\debug\dvbworld.exp
c:\users\lucky\source\repos\misete4k_20200417\x64\debug\dvbworld.ilk
c:\users\lucky\source\repos\misete4k_20200417\x64\debug\dvbworld.dll
c:\users\lucky\source\repos\misete4k_20200417\x64\debug\dvbworld.pdb
c:\users\lucky\desktop\misete4k_source\misete4k_source_20200926\bdaspecials\dvbworld\x64\debug\dvbworldspecials.obj
c:\users\lucky\desktop\misete4k_source\misete4k_source_20200926\bdaspecials\dvbworld\x64\debug\vc142.idb
c:\users\lucky\desktop\misete4k_source\misete4k_source_20200926\bdaspecials\dvbworld\x64\debug\vc142.pdb
c:\users\lucky\desktop\misete4k_source\misete4k_source_20200926\x64\debug\dvbworld.pdb
c:\users\lucky\desktop\misete4k_source\misete4k_source_20200926\x64\debug\dvbworld.dll
c:\users\lucky\desktop\misete4k_source\misete4k_source_20200926\x64\debug\dvbworld.ilk
c:\users\lucky\desktop\misete4k_source\misete4k_source_20200926\bdaspecials\dvbworld\x64\debug\dvbworld.tlog\cl.command.1.tlog
c:\users\lucky\desktop\misete4k_source\misete4k_source_20200926\bdaspecials\dvbworld\x64\debug\dvbworld.tlog\cl.read.1.tlog
c:\users\lucky\desktop\misete4k_source\misete4k_source_20200926\bdaspecials\dvbworld\x64\debug\dvbworld.tlog\cl.write.1.tlog
c:\users\lucky\desktop\misete4k_source\misete4k_source_20200926\bdaspecials\dvbworld\x64\debug\dvbworld.tlog\dvbworld.write.1u.tlog
c:\users\lucky\desktop\misete4k_source\misete4k_source_20200926\bdaspecials\dvbworld\x64\debug\dvbworld.tlog\link.command.1.tlog
c:\users\lucky\desktop\misete4k_source\misete4k_source_20200926\bdaspecials\dvbworld\x64\debug\dvbworld.tlog\link.read.1.tlog
c:\users\lucky\desktop\misete4k_source\misete4k_source_20200926\bdaspecials\dvbworld\x64\debug\dvbworld.tlog\link.write.1.tlog
