e:\misete4kフォーク元20200318\bondriver_bda\projects\baseclasses\x64\debug\baseclasses.pdb
e:\misete4kフォーク元20200318\bondriver_bda\projects\baseclasses\x64\debug\baseclasses.idb
e:\misete4kフォーク元20200318\bondriver_bda\projects\baseclasses\x64\debug\source.obj
e:\misete4kフォーク元20200318\bondriver_bda\projects\baseclasses\x64\debug\seekpt.obj
e:\misete4kフォーク元20200318\bondriver_bda\projects\baseclasses\x64\debug\schedule.obj
e:\misete4kフォーク元20200318\bondriver_bda\projects\baseclasses\x64\debug\renbase.obj
e:\misete4kフォーク元20200318\bondriver_bda\projects\baseclasses\x64\debug\refclock.obj
e:\misete4kフォーク元20200318\bondriver_bda\projects\baseclasses\x64\debug\pullpin.obj
e:\misete4kフォーク元20200318\bondriver_bda\projects\baseclasses\x64\debug\pstream.obj
e:\misete4kフォーク元20200318\bondriver_bda\projects\baseclasses\x64\debug\perflog.obj
e:\misete4kフォーク元20200318\bondriver_bda\projects\baseclasses\x64\debug\outputq.obj
e:\misete4kフォーク元20200318\bondriver_bda\projects\baseclasses\x64\debug\mtype.obj
e:\misete4kフォーク元20200318\bondriver_bda\projects\baseclasses\x64\debug\dllsetup.obj
e:\misete4kフォーク元20200318\bondriver_bda\projects\baseclasses\x64\debug\dllentry.obj
e:\misete4kフォーク元20200318\bondriver_bda\projects\baseclasses\x64\debug\ddmm.obj
e:\misete4kフォーク元20200318\bondriver_bda\projects\baseclasses\x64\debug\ctlutil.obj
e:\misete4kフォーク元20200318\bondriver_bda\projects\baseclasses\x64\debug\cprop.obj
e:\misete4kフォーク元20200318\bondriver_bda\projects\baseclasses\x64\debug\combase.obj
e:\misete4kフォーク元20200318\bondriver_bda\projects\baseclasses\x64\debug\arithutil.obj
e:\misete4kフォーク元20200318\bondriver_bda\projects\baseclasses\x64\debug\amvideo.obj
e:\misete4kフォーク元20200318\bondriver_bda\projects\baseclasses\x64\debug\amfilter.obj
e:\misete4kフォーク元20200318\bondriver_bda\projects\baseclasses\x64\debug\amextra.obj
e:\misete4kフォーク元20200318\bondriver_bda\projects\baseclasses\x64\debug\wxutil.obj
e:\misete4kフォーク元20200318\bondriver_bda\projects\baseclasses\x64\debug\wxlist.obj
e:\misete4kフォーク元20200318\bondriver_bda\projects\baseclasses\x64\debug\wxdebug.obj
e:\misete4kフォーク元20200318\bondriver_bda\projects\baseclasses\x64\debug\winutil.obj
e:\misete4kフォーク元20200318\bondriver_bda\projects\baseclasses\x64\debug\winctrl.obj
e:\misete4kフォーク元20200318\bondriver_bda\projects\baseclasses\x64\debug\vtrans.obj
e:\misete4kフォーク元20200318\bondriver_bda\projects\baseclasses\x64\debug\videoctl.obj
e:\misete4kフォーク元20200318\bondriver_bda\projects\baseclasses\x64\debug\transip.obj
e:\misete4kフォーク元20200318\bondriver_bda\projects\baseclasses\x64\debug\transfrm.obj
e:\misete4kフォーク元20200318\bondriver_bda\projects\baseclasses\x64\debug\sysclock.obj
e:\misete4kフォーク元20200318\bondriver_bda\projects\baseclasses\x64\debug\strmctl.obj
e:\misete4kフォーク元20200318\bondriver_bda\lib\x64\debug\strmbasd.lib
e:\misete4kフォーク元20200318\bondriver_bda\projects\baseclasses\x64\debug\baseclasses.tlog\cl.command.1.tlog
e:\misete4kフォーク元20200318\bondriver_bda\projects\baseclasses\x64\debug\baseclasses.tlog\cl.read.1.tlog
e:\misete4kフォーク元20200318\bondriver_bda\projects\baseclasses\x64\debug\baseclasses.tlog\cl.write.1.tlog
e:\misete4kフォーク元20200318\bondriver_bda\projects\baseclasses\x64\debug\baseclasses.tlog\lib-link.read.1.tlog
e:\misete4kフォーク元20200318\bondriver_bda\projects\baseclasses\x64\debug\baseclasses.tlog\lib-link.write.1.tlog
e:\misete4kフォーク元20200318\bondriver_bda\projects\baseclasses\x64\debug\baseclasses.tlog\lib.command.1.tlog
