c:\users\lucky\source\repos\misete4k_20200417\projects\muparser\x64\debug\muparser.pdb
c:\users\lucky\source\repos\misete4k_20200417\projects\muparser\x64\debug\muparser.idb
c:\users\lucky\source\repos\misete4k_20200417\projects\muparser\x64\debug\muparsertokenreader.obj
c:\users\lucky\source\repos\misete4k_20200417\projects\muparser\x64\debug\muparsertest.obj
c:\users\lucky\source\repos\misete4k_20200417\projects\muparser\x64\debug\muparserint.obj
c:\users\lucky\source\repos\misete4k_20200417\projects\muparser\x64\debug\muparsererror.obj
c:\users\lucky\source\repos\misete4k_20200417\projects\muparser\x64\debug\muparserdll.obj
c:\users\lucky\source\repos\misete4k_20200417\projects\muparser\x64\debug\muparsercallback.obj
c:\users\lucky\source\repos\misete4k_20200417\projects\muparser\x64\debug\muparserbytecode.obj
c:\users\lucky\source\repos\misete4k_20200417\projects\muparser\x64\debug\muparserbase.obj
c:\users\lucky\source\repos\misete4k_20200417\projects\muparser\x64\debug\muparser.obj
c:\users\lucky\desktop\新しいフォルダー\misete4k_dl\projects\muparser\x64\debug\muparser.pdb
c:\users\lucky\desktop\新しいフォルダー\misete4k_dl\projects\muparser\x64\debug\muparser.idb
c:\users\lucky\desktop\新しいフォルダー\misete4k_dl\projects\muparser\x64\debug\muparsertokenreader.obj
c:\users\lucky\desktop\新しいフォルダー\misete4k_dl\projects\muparser\x64\debug\muparsertest.obj
c:\users\lucky\desktop\新しいフォルダー\misete4k_dl\projects\muparser\x64\debug\muparserint.obj
c:\users\lucky\desktop\新しいフォルダー\misete4k_dl\projects\muparser\x64\debug\muparsererror.obj
c:\users\lucky\desktop\新しいフォルダー\misete4k_dl\projects\muparser\x64\debug\muparserdll.obj
c:\users\lucky\desktop\新しいフォルダー\misete4k_dl\projects\muparser\x64\debug\muparsercallback.obj
c:\users\lucky\desktop\新しいフォルダー\misete4k_dl\projects\muparser\x64\debug\muparserbytecode.obj
c:\users\lucky\desktop\新しいフォルダー\misete4k_dl\projects\muparser\x64\debug\muparserbase.obj
c:\users\lucky\desktop\新しいフォルダー\misete4k_dl\projects\muparser\x64\debug\muparser.obj
c:\users\lucky\source\repos\misete4k_20200417\lib\x64\debug\muparser.lib
c:\users\lucky\desktop\新しいフォルダー\misete4k_dl\lib\x64\debug\muparser.lib
c:\users\lucky\desktop\misete4k_source\misete4k_source_20200926\projects\muparser\x64\debug\muparser.obj
c:\users\lucky\desktop\misete4k_source\misete4k_source_20200926\projects\muparser\x64\debug\muparserbase.obj
c:\users\lucky\desktop\misete4k_source\misete4k_source_20200926\projects\muparser\x64\debug\muparserbytecode.obj
c:\users\lucky\desktop\misete4k_source\misete4k_source_20200926\projects\muparser\x64\debug\muparsercallback.obj
c:\users\lucky\desktop\misete4k_source\misete4k_source_20200926\projects\muparser\x64\debug\muparserdll.obj
c:\users\lucky\desktop\misete4k_source\misete4k_source_20200926\projects\muparser\x64\debug\muparsererror.obj
c:\users\lucky\desktop\misete4k_source\misete4k_source_20200926\projects\muparser\x64\debug\muparserint.obj
c:\users\lucky\desktop\misete4k_source\misete4k_source_20200926\projects\muparser\x64\debug\muparsertest.obj
c:\users\lucky\desktop\misete4k_source\misete4k_source_20200926\projects\muparser\x64\debug\muparsertokenreader.obj
c:\users\lucky\desktop\misete4k_source\misete4k_source_20200926\projects\muparser\x64\debug\muparser.idb
c:\users\lucky\desktop\misete4k_source\misete4k_source_20200926\projects\muparser\x64\debug\muparser.pdb
c:\users\lucky\desktop\misete4k_source\misete4k_source_20200926\lib\x64\debug\muparser.pdb
c:\users\lucky\desktop\misete4k_source\misete4k_source_20200926\lib\x64\debug\muparser.lib
c:\users\lucky\desktop\misete4k_source\misete4k_source_20200926\projects\muparser\x64\debug\muparser.tlog\cl.command.1.tlog
c:\users\lucky\desktop\misete4k_source\misete4k_source_20200926\projects\muparser\x64\debug\muparser.tlog\cl.read.1.tlog
c:\users\lucky\desktop\misete4k_source\misete4k_source_20200926\projects\muparser\x64\debug\muparser.tlog\cl.write.1.tlog
c:\users\lucky\desktop\misete4k_source\misete4k_source_20200926\projects\muparser\x64\debug\muparser.tlog\lib-link.read.1.tlog
c:\users\lucky\desktop\misete4k_source\misete4k_source_20200926\projects\muparser\x64\debug\muparser.tlog\lib-link.write.1.tlog
c:\users\lucky\desktop\misete4k_source\misete4k_source_20200926\projects\muparser\x64\debug\muparser.tlog\lib.command.1.tlog
