2020/09/26 22:01:55 にビルドを開始しました。
ログの詳細度は次のように設定されています: Normal。     1>ノード 2 上のプロジェクト "C:\Users\lucky\Desktop\MiSeTe4K_SOURCE\MiSeTe4K_source_20200926\common\baseclasses\baseclasses.vcxproj" (Build ターゲット)。
     1>InitializeBuildStatus:
         "AlwaysCreate" が指定されたため "C:\Users\lucky\Desktop\MiSeTe4K_SOURCE\MiSeTe4K_source_20200926\bin_x64d\baseclasses\baseclasses.tlog\unsuccessfulbuild" を作成しています。
       ClCompile:
         C:\Program Files (x86)\Microsoft Visual Studio\2019\Community\VC\Tools\MSVC\14.27.29110\bin\HostX64\x64\CL.exe /c /I. /IC:\Users\lucky\Desktop\MiSeTe4K_SOURCE\MiSeTe4K_source_20200926\common\baseclasses\ /IC:\Users\lucky\Desktop\MiSeTe4K_SOURCE\MiSeTe4K_source_20200926\common\includes /IC:\Users\lucky\Desktop\MiSeTe4K_SOURCE\MiSeTe4K_source_20200926\common\baseclasses /IC:\Users\lucky\Desktop\MiSeTe4K_SOURCE\MiSeTe4K_source_20200926\ffmpeg /IC:\Users\lucky\Desktop\MiSeTe4K_SOURCE\MiSeTe4K_source_20200926\libbluray\src /IC:\Users\lucky\Desktop\MiSeTe4K_SOURCE\MiSeTe4K_source_20200926\common\DSUtilLite /Zi /JMC /nologo /W3 /WX- /diagnostics:column /Od /D WIN32 /D _DEBUG /D _LIB /D _UNICODE /D UNICODE /Gm /EHsc /RTC1 /MTd /GS /fp:precise /Zc:wchar_t /Zc:forScope /Zc:inline /Fo"C:\Users\lucky\Desktop\MiSeTe4K_SOURCE\MiSeTe4K_source_20200926\bin_x64d\baseclasses\\" /Fd"C:\Users\lucky\Desktop\MiSeTe4K_SOURCE\MiSeTe4K_source_20200926\bin_x64d\baseclasses\baseclasses.pdb" /Gd /TP /FC /errorReport:prompt /Zc:ternary /Zc:inline,referenceBinding,rvalueCast,throwingNew amextra.cpp amfilter.cpp amvideo.cpp arithutil.cpp combase.cpp cprop.cpp ctlutil.cpp ddmm.cpp dllentry.cpp dllsetup.cpp mtype.cpp outputq.cpp perflog.cpp pstream.cpp pullpin.cpp refclock.cpp renbase.cpp schedule.cpp seekpt.cpp source.cpp strmctl.cpp sysclock.cpp transfrm.cpp transip.cpp videoctl.cpp vtrans.cpp winctrl.cpp winutil.cpp wxdebug.cpp wxlist.cpp wxutil.cpp
     1>cl : コマンド ライン warning D9035: オプション 'Gm' の使用は現在推奨されていません。今後のバージョンからは削除されます。
         wxutil.cpp
     1>C:\Users\lucky\Desktop\MiSeTe4K_SOURCE\MiSeTe4K_source_20200926\common\baseclasses\wxutil.cpp(753,9): warning C4996: 'GetVersionExW': が古い形式として宣言されました。
         wxlist.cpp
         wxdebug.cpp
         winutil.cpp
         winctrl.cpp
         vtrans.cpp
         videoctl.cpp
         transip.cpp
         transfrm.cpp
         sysclock.cpp
         strmctl.cpp
         source.cpp
         seekpt.cpp
         schedule.cpp
         renbase.cpp
         refclock.cpp
         pullpin.cpp
         pstream.cpp
         perflog.cpp
         outputq.cpp
         コードを生成中...
         コンパイル中...
         mtype.cpp
         dllsetup.cpp
         dllentry.cpp
     1>C:\Users\lucky\Desktop\MiSeTe4K_SOURCE\MiSeTe4K_source_20200926\common\baseclasses\dllentry.cpp(314,21): warning C4996: 'GetVersionExW': が古い形式として宣言されました。
         ddmm.cpp
         ctlutil.cpp
         cprop.cpp
         combase.cpp
         arithutil.cpp
         amvideo.cpp
         amfilter.cpp
         amextra.cpp
         コードを生成中...
       Lib:
         C:\Program Files (x86)\Microsoft Visual Studio\2019\Community\VC\Tools\MSVC\14.27.29110\bin\HostX64\x64\Lib.exe /OUT:"C:\Users\lucky\Desktop\MiSeTe4K_SOURCE\MiSeTe4K_source_20200926\bin_x64d\lib\strmbasd.lib" strmiids.lib /NOLOGO /MACHINE:X64 C:\Users\lucky\Desktop\MiSeTe4K_SOURCE\MiSeTe4K_source_20200926\bin_x64d\baseclasses\amextra.obj
         C:\Users\lucky\Desktop\MiSeTe4K_SOURCE\MiSeTe4K_source_20200926\bin_x64d\baseclasses\amfilter.obj
         C:\Users\lucky\Desktop\MiSeTe4K_SOURCE\MiSeTe4K_source_20200926\bin_x64d\baseclasses\amvideo.obj
         C:\Users\lucky\Desktop\MiSeTe4K_SOURCE\MiSeTe4K_source_20200926\bin_x64d\baseclasses\arithutil.obj
         C:\Users\lucky\Desktop\MiSeTe4K_SOURCE\MiSeTe4K_source_20200926\bin_x64d\baseclasses\combase.obj
         C:\Users\lucky\Desktop\MiSeTe4K_SOURCE\MiSeTe4K_source_20200926\bin_x64d\baseclasses\cprop.obj
         C:\Users\lucky\Desktop\MiSeTe4K_SOURCE\MiSeTe4K_source_20200926\bin_x64d\baseclasses\ctlutil.obj
         C:\Users\lucky\Desktop\MiSeTe4K_SOURCE\MiSeTe4K_source_20200926\bin_x64d\baseclasses\ddmm.obj
         C:\Users\lucky\Desktop\MiSeTe4K_SOURCE\MiSeTe4K_source_20200926\bin_x64d\baseclasses\dllentry.obj
         C:\Users\lucky\Desktop\MiSeTe4K_SOURCE\MiSeTe4K_source_20200926\bin_x64d\baseclasses\dllsetup.obj
         C:\Users\lucky\Desktop\MiSeTe4K_SOURCE\MiSeTe4K_source_20200926\bin_x64d\baseclasses\mtype.obj
         C:\Users\lucky\Desktop\MiSeTe4K_SOURCE\MiSeTe4K_source_20200926\bin_x64d\baseclasses\outputq.obj
         C:\Users\lucky\Desktop\MiSeTe4K_SOURCE\MiSeTe4K_source_20200926\bin_x64d\baseclasses\perflog.obj
         C:\Users\lucky\Desktop\MiSeTe4K_SOURCE\MiSeTe4K_source_20200926\bin_x64d\baseclasses\pstream.obj
         C:\Users\lucky\Desktop\MiSeTe4K_SOURCE\MiSeTe4K_source_20200926\bin_x64d\baseclasses\pullpin.obj
         C:\Users\lucky\Desktop\MiSeTe4K_SOURCE\MiSeTe4K_source_20200926\bin_x64d\baseclasses\refclock.obj
         C:\Users\lucky\Desktop\MiSeTe4K_SOURCE\MiSeTe4K_source_20200926\bin_x64d\baseclasses\renbase.obj
         C:\Users\lucky\Desktop\MiSeTe4K_SOURCE\MiSeTe4K_source_20200926\bin_x64d\baseclasses\schedule.obj
         C:\Users\lucky\Desktop\MiSeTe4K_SOURCE\MiSeTe4K_source_20200926\bin_x64d\baseclasses\seekpt.obj
         C:\Users\lucky\Desktop\MiSeTe4K_SOURCE\MiSeTe4K_source_20200926\bin_x64d\baseclasses\source.obj
         C:\Users\lucky\Desktop\MiSeTe4K_SOURCE\MiSeTe4K_source_20200926\bin_x64d\baseclasses\strmctl.obj
         C:\Users\lucky\Desktop\MiSeTe4K_SOURCE\MiSeTe4K_source_20200926\bin_x64d\baseclasses\sysclock.obj
         C:\Users\lucky\Desktop\MiSeTe4K_SOURCE\MiSeTe4K_source_20200926\bin_x64d\baseclasses\transfrm.obj
         C:\Users\lucky\Desktop\MiSeTe4K_SOURCE\MiSeTe4K_source_20200926\bin_x64d\baseclasses\transip.obj
         C:\Users\lucky\Desktop\MiSeTe4K_SOURCE\MiSeTe4K_source_20200926\bin_x64d\baseclasses\videoctl.obj
         C:\Users\lucky\Desktop\MiSeTe4K_SOURCE\MiSeTe4K_source_20200926\bin_x64d\baseclasses\vtrans.obj
         C:\Users\lucky\Desktop\MiSeTe4K_SOURCE\MiSeTe4K_source_20200926\bin_x64d\baseclasses\winctrl.obj
         C:\Users\lucky\Desktop\MiSeTe4K_SOURCE\MiSeTe4K_source_20200926\bin_x64d\baseclasses\winutil.obj
         C:\Users\lucky\Desktop\MiSeTe4K_SOURCE\MiSeTe4K_source_20200926\bin_x64d\baseclasses\wxdebug.obj
         C:\Users\lucky\Desktop\MiSeTe4K_SOURCE\MiSeTe4K_source_20200926\bin_x64d\baseclasses\wxlist.obj
         C:\Users\lucky\Desktop\MiSeTe4K_SOURCE\MiSeTe4K_source_20200926\bin_x64d\baseclasses\wxutil.obj
         baseclasses.vcxproj -> C:\Users\lucky\Desktop\MiSeTe4K_SOURCE\MiSeTe4K_source_20200926\bin_x64d\lib\strmbasd.lib
       FinalizeBuildStatus:
         ファイル "C:\Users\lucky\Desktop\MiSeTe4K_SOURCE\MiSeTe4K_source_20200926\bin_x64d\baseclasses\baseclasses.tlog\unsuccessfulbuild" を削除しています。
         "C:\Users\lucky\Desktop\MiSeTe4K_SOURCE\MiSeTe4K_source_20200926\bin_x64d\baseclasses\baseclasses.tlog\baseclasses.lastbuildstate" のタッチ タスクを実行しています。
     1>プロジェクト "C:\Users\lucky\Desktop\MiSeTe4K_SOURCE\MiSeTe4K_source_20200926\common\baseclasses\baseclasses.vcxproj" (Build ターゲット) のビルドが完了しました。

ビルドに成功しました。

       "C:\Users\lucky\Desktop\MiSeTe4K_SOURCE\MiSeTe4K_source_20200926\common\baseclasses\baseclasses.vcxproj" (Build ターゲット) (1) ->
       (ClCompile ターゲット) -> 
         cl : コマンド ライン warning D9035: オプション 'Gm' の使用は現在推奨されていません。今後のバージョンからは削除されます。
         C:\Users\lucky\Desktop\MiSeTe4K_SOURCE\MiSeTe4K_source_20200926\common\baseclasses\wxutil.cpp(753,9): warning C4996: 'GetVersionExW': が古い形式として宣言されました。
         C:\Users\lucky\Desktop\MiSeTe4K_SOURCE\MiSeTe4K_source_20200926\common\baseclasses\dllentry.cpp(314,21): warning C4996: 'GetVersionExW': が古い形式として宣言されました。

    3 個の警告
    0 エラー

経過時間 00:00:13.63
