c:\users\lucky\source\repos\misete4k_20200417\bin_x64d\baseclasses\baseclasses.pdb
c:\users\lucky\source\repos\misete4k_20200417\bin_x64d\baseclasses\baseclasses.idb
c:\users\lucky\source\repos\misete4k_20200417\bin_x64d\baseclasses\outputq.obj
c:\users\lucky\source\repos\misete4k_20200417\bin_x64d\baseclasses\perflog.obj
c:\users\lucky\source\repos\misete4k_20200417\bin_x64d\baseclasses\pstream.obj
c:\users\lucky\source\repos\misete4k_20200417\bin_x64d\baseclasses\pullpin.obj
c:\users\lucky\source\repos\misete4k_20200417\bin_x64d\baseclasses\refclock.obj
c:\users\lucky\source\repos\misete4k_20200417\bin_x64d\baseclasses\renbase.obj
c:\users\lucky\source\repos\misete4k_20200417\bin_x64d\baseclasses\schedule.obj
c:\users\lucky\source\repos\misete4k_20200417\bin_x64d\baseclasses\seekpt.obj
c:\users\lucky\source\repos\misete4k_20200417\bin_x64d\baseclasses\source.obj
c:\users\lucky\source\repos\misete4k_20200417\bin_x64d\baseclasses\strmctl.obj
c:\users\lucky\source\repos\misete4k_20200417\bin_x64d\baseclasses\sysclock.obj
c:\users\lucky\source\repos\misete4k_20200417\bin_x64d\baseclasses\transfrm.obj
c:\users\lucky\source\repos\misete4k_20200417\bin_x64d\baseclasses\transip.obj
c:\users\lucky\source\repos\misete4k_20200417\bin_x64d\baseclasses\videoctl.obj
c:\users\lucky\source\repos\misete4k_20200417\bin_x64d\baseclasses\vtrans.obj
c:\users\lucky\source\repos\misete4k_20200417\bin_x64d\baseclasses\winctrl.obj
c:\users\lucky\source\repos\misete4k_20200417\bin_x64d\baseclasses\winutil.obj
c:\users\lucky\source\repos\misete4k_20200417\bin_x64d\baseclasses\wxdebug.obj
c:\users\lucky\source\repos\misete4k_20200417\bin_x64d\baseclasses\wxlist.obj
c:\users\lucky\source\repos\misete4k_20200417\bin_x64d\baseclasses\wxutil.obj
c:\users\lucky\source\repos\misete4k_20200417\bin_x64d\baseclasses\amextra.obj
c:\users\lucky\source\repos\misete4k_20200417\bin_x64d\baseclasses\amfilter.obj
c:\users\lucky\source\repos\misete4k_20200417\bin_x64d\baseclasses\amvideo.obj
c:\users\lucky\source\repos\misete4k_20200417\bin_x64d\baseclasses\arithutil.obj
c:\users\lucky\source\repos\misete4k_20200417\bin_x64d\baseclasses\combase.obj
c:\users\lucky\source\repos\misete4k_20200417\bin_x64d\baseclasses\cprop.obj
c:\users\lucky\source\repos\misete4k_20200417\bin_x64d\baseclasses\ctlutil.obj
c:\users\lucky\source\repos\misete4k_20200417\bin_x64d\baseclasses\ddmm.obj
c:\users\lucky\source\repos\misete4k_20200417\bin_x64d\baseclasses\dllentry.obj
c:\users\lucky\source\repos\misete4k_20200417\bin_x64d\baseclasses\dllsetup.obj
c:\users\lucky\source\repos\misete4k_20200417\bin_x64d\baseclasses\mtype.obj
c:\users\lucky\desktop\新しいフォルダー\misete4k_dl\bin_x64d\baseclasses\baseclasses.pdb
c:\users\lucky\desktop\新しいフォルダー\misete4k_dl\bin_x64d\baseclasses\baseclasses.idb
c:\users\lucky\desktop\新しいフォルダー\misete4k_dl\bin_x64d\baseclasses\outputq.obj
c:\users\lucky\desktop\新しいフォルダー\misete4k_dl\bin_x64d\baseclasses\perflog.obj
c:\users\lucky\desktop\新しいフォルダー\misete4k_dl\bin_x64d\baseclasses\pstream.obj
c:\users\lucky\desktop\新しいフォルダー\misete4k_dl\bin_x64d\baseclasses\pullpin.obj
c:\users\lucky\desktop\新しいフォルダー\misete4k_dl\bin_x64d\baseclasses\refclock.obj
c:\users\lucky\desktop\新しいフォルダー\misete4k_dl\bin_x64d\baseclasses\renbase.obj
c:\users\lucky\desktop\新しいフォルダー\misete4k_dl\bin_x64d\baseclasses\schedule.obj
c:\users\lucky\desktop\新しいフォルダー\misete4k_dl\bin_x64d\baseclasses\seekpt.obj
c:\users\lucky\desktop\新しいフォルダー\misete4k_dl\bin_x64d\baseclasses\source.obj
c:\users\lucky\desktop\新しいフォルダー\misete4k_dl\bin_x64d\baseclasses\strmctl.obj
c:\users\lucky\desktop\新しいフォルダー\misete4k_dl\bin_x64d\baseclasses\sysclock.obj
c:\users\lucky\desktop\新しいフォルダー\misete4k_dl\bin_x64d\baseclasses\transfrm.obj
c:\users\lucky\desktop\新しいフォルダー\misete4k_dl\bin_x64d\baseclasses\transip.obj
c:\users\lucky\desktop\新しいフォルダー\misete4k_dl\bin_x64d\baseclasses\videoctl.obj
c:\users\lucky\desktop\新しいフォルダー\misete4k_dl\bin_x64d\baseclasses\vtrans.obj
c:\users\lucky\desktop\新しいフォルダー\misete4k_dl\bin_x64d\baseclasses\winctrl.obj
c:\users\lucky\desktop\新しいフォルダー\misete4k_dl\bin_x64d\baseclasses\winutil.obj
c:\users\lucky\desktop\新しいフォルダー\misete4k_dl\bin_x64d\baseclasses\wxdebug.obj
c:\users\lucky\desktop\新しいフォルダー\misete4k_dl\bin_x64d\baseclasses\wxlist.obj
c:\users\lucky\desktop\新しいフォルダー\misete4k_dl\bin_x64d\baseclasses\wxutil.obj
c:\users\lucky\desktop\新しいフォルダー\misete4k_dl\bin_x64d\baseclasses\amextra.obj
c:\users\lucky\desktop\新しいフォルダー\misete4k_dl\bin_x64d\baseclasses\amfilter.obj
c:\users\lucky\desktop\新しいフォルダー\misete4k_dl\bin_x64d\baseclasses\amvideo.obj
c:\users\lucky\desktop\新しいフォルダー\misete4k_dl\bin_x64d\baseclasses\arithutil.obj
c:\users\lucky\desktop\新しいフォルダー\misete4k_dl\bin_x64d\baseclasses\combase.obj
c:\users\lucky\desktop\新しいフォルダー\misete4k_dl\bin_x64d\baseclasses\cprop.obj
c:\users\lucky\desktop\新しいフォルダー\misete4k_dl\bin_x64d\baseclasses\ctlutil.obj
c:\users\lucky\desktop\新しいフォルダー\misete4k_dl\bin_x64d\baseclasses\ddmm.obj
c:\users\lucky\desktop\新しいフォルダー\misete4k_dl\bin_x64d\baseclasses\dllentry.obj
c:\users\lucky\desktop\新しいフォルダー\misete4k_dl\bin_x64d\baseclasses\dllsetup.obj
c:\users\lucky\desktop\新しいフォルダー\misete4k_dl\bin_x64d\baseclasses\mtype.obj
c:\users\lucky\source\repos\misete4k_20200417\bin_x64d\lib\strmbasd.lib
c:\users\lucky\desktop\新しいフォルダー\misete4k_dl\bin_x64d\lib\strmbasd.lib
c:\users\lucky\desktop\misete4k_source\misete4k_source_20200926\bin_x64d\baseclasses\amextra.obj
c:\users\lucky\desktop\misete4k_source\misete4k_source_20200926\bin_x64d\baseclasses\amfilter.obj
c:\users\lucky\desktop\misete4k_source\misete4k_source_20200926\bin_x64d\baseclasses\amvideo.obj
c:\users\lucky\desktop\misete4k_source\misete4k_source_20200926\bin_x64d\baseclasses\arithutil.obj
c:\users\lucky\desktop\misete4k_source\misete4k_source_20200926\bin_x64d\baseclasses\combase.obj
c:\users\lucky\desktop\misete4k_source\misete4k_source_20200926\bin_x64d\baseclasses\cprop.obj
c:\users\lucky\desktop\misete4k_source\misete4k_source_20200926\bin_x64d\baseclasses\ctlutil.obj
c:\users\lucky\desktop\misete4k_source\misete4k_source_20200926\bin_x64d\baseclasses\ddmm.obj
c:\users\lucky\desktop\misete4k_source\misete4k_source_20200926\bin_x64d\baseclasses\dllentry.obj
c:\users\lucky\desktop\misete4k_source\misete4k_source_20200926\bin_x64d\baseclasses\dllsetup.obj
c:\users\lucky\desktop\misete4k_source\misete4k_source_20200926\bin_x64d\baseclasses\mtype.obj
c:\users\lucky\desktop\misete4k_source\misete4k_source_20200926\bin_x64d\baseclasses\outputq.obj
c:\users\lucky\desktop\misete4k_source\misete4k_source_20200926\bin_x64d\baseclasses\perflog.obj
c:\users\lucky\desktop\misete4k_source\misete4k_source_20200926\bin_x64d\baseclasses\pstream.obj
c:\users\lucky\desktop\misete4k_source\misete4k_source_20200926\bin_x64d\baseclasses\pullpin.obj
c:\users\lucky\desktop\misete4k_source\misete4k_source_20200926\bin_x64d\baseclasses\refclock.obj
c:\users\lucky\desktop\misete4k_source\misete4k_source_20200926\bin_x64d\baseclasses\renbase.obj
c:\users\lucky\desktop\misete4k_source\misete4k_source_20200926\bin_x64d\baseclasses\schedule.obj
c:\users\lucky\desktop\misete4k_source\misete4k_source_20200926\bin_x64d\baseclasses\seekpt.obj
c:\users\lucky\desktop\misete4k_source\misete4k_source_20200926\bin_x64d\baseclasses\source.obj
c:\users\lucky\desktop\misete4k_source\misete4k_source_20200926\bin_x64d\baseclasses\strmctl.obj
c:\users\lucky\desktop\misete4k_source\misete4k_source_20200926\bin_x64d\baseclasses\sysclock.obj
c:\users\lucky\desktop\misete4k_source\misete4k_source_20200926\bin_x64d\baseclasses\transfrm.obj
c:\users\lucky\desktop\misete4k_source\misete4k_source_20200926\bin_x64d\baseclasses\transip.obj
c:\users\lucky\desktop\misete4k_source\misete4k_source_20200926\bin_x64d\baseclasses\videoctl.obj
c:\users\lucky\desktop\misete4k_source\misete4k_source_20200926\bin_x64d\baseclasses\vtrans.obj
c:\users\lucky\desktop\misete4k_source\misete4k_source_20200926\bin_x64d\baseclasses\winctrl.obj
c:\users\lucky\desktop\misete4k_source\misete4k_source_20200926\bin_x64d\baseclasses\winutil.obj
c:\users\lucky\desktop\misete4k_source\misete4k_source_20200926\bin_x64d\baseclasses\wxdebug.obj
c:\users\lucky\desktop\misete4k_source\misete4k_source_20200926\bin_x64d\baseclasses\wxlist.obj
c:\users\lucky\desktop\misete4k_source\misete4k_source_20200926\bin_x64d\baseclasses\wxutil.obj
c:\users\lucky\desktop\misete4k_source\misete4k_source_20200926\bin_x64d\baseclasses\baseclasses.idb
c:\users\lucky\desktop\misete4k_source\misete4k_source_20200926\bin_x64d\baseclasses\baseclasses.pdb
c:\users\lucky\desktop\misete4k_source\misete4k_source_20200926\bin_x64d\lib\strmbasd.lib
c:\users\lucky\desktop\misete4k_source\misete4k_source_20200926\bin_x64d\baseclasses\baseclasses.tlog\cl.command.1.tlog
c:\users\lucky\desktop\misete4k_source\misete4k_source_20200926\bin_x64d\baseclasses\baseclasses.tlog\cl.read.1.tlog
c:\users\lucky\desktop\misete4k_source\misete4k_source_20200926\bin_x64d\baseclasses\baseclasses.tlog\cl.write.1.tlog
c:\users\lucky\desktop\misete4k_source\misete4k_source_20200926\bin_x64d\baseclasses\baseclasses.tlog\lib-link.read.1.tlog
c:\users\lucky\desktop\misete4k_source\misete4k_source_20200926\bin_x64d\baseclasses\baseclasses.tlog\lib-link.write.1.tlog
c:\users\lucky\desktop\misete4k_source\misete4k_source_20200926\bin_x64d\baseclasses\baseclasses.tlog\lib.command.1.tlog
