c:\users\lucky\source\repos\misete4k_20200417\bin_x64d\demuxers\demuxersd.pch
c:\users\lucky\source\repos\misete4k_20200417\bin_x64d\demuxers\demuxers.pdb
c:\users\lucky\source\repos\misete4k_20200417\bin_x64d\demuxers\demuxers.idb
c:\users\lucky\source\repos\misete4k_20200417\bin_x64d\demuxers\stdafx.obj
c:\users\lucky\source\repos\misete4k_20200417\bin_x64d\demuxers\streaminfo.obj
c:\users\lucky\source\repos\misete4k_20200417\bin_x64d\demuxers\packet.obj
c:\users\lucky\source\repos\misete4k_20200417\bin_x64d\demuxers\lavfutils.obj
c:\users\lucky\source\repos\misete4k_20200417\bin_x64d\demuxers\lavfstreaminfo.obj
c:\users\lucky\source\repos\misete4k_20200417\bin_x64d\demuxers\lavfvideohelper.obj
c:\users\lucky\source\repos\misete4k_20200417\bin_x64d\demuxers\lavfinputformats.obj
c:\users\lucky\source\repos\misete4k_20200417\bin_x64d\demuxers\lavfaudiohelper.obj
c:\users\lucky\source\repos\misete4k_20200417\bin_x64d\demuxers\extradataparser.obj
c:\users\lucky\source\repos\misete4k_20200417\bin_x64d\demuxers\basedemuxer.obj
c:\users\lucky\source\repos\misete4k_20200417\bin_x64d\demuxers\lavfdemuxer.obj
c:\users\lucky\desktop\新しいフォルダー\misete4k_dl\bin_x64d\demuxers\demuxersd.pch
c:\users\lucky\desktop\新しいフォルダー\misete4k_dl\bin_x64d\demuxers\demuxers.pdb
c:\users\lucky\desktop\新しいフォルダー\misete4k_dl\bin_x64d\demuxers\demuxers.idb
c:\users\lucky\desktop\新しいフォルダー\misete4k_dl\bin_x64d\demuxers\stdafx.obj
c:\users\lucky\desktop\新しいフォルダー\misete4k_dl\bin_x64d\demuxers\streaminfo.obj
c:\users\lucky\desktop\新しいフォルダー\misete4k_dl\bin_x64d\demuxers\packet.obj
c:\users\lucky\desktop\新しいフォルダー\misete4k_dl\bin_x64d\demuxers\lavfutils.obj
c:\users\lucky\desktop\新しいフォルダー\misete4k_dl\bin_x64d\demuxers\lavfstreaminfo.obj
c:\users\lucky\desktop\新しいフォルダー\misete4k_dl\bin_x64d\demuxers\lavfvideohelper.obj
c:\users\lucky\desktop\新しいフォルダー\misete4k_dl\bin_x64d\demuxers\lavfinputformats.obj
c:\users\lucky\desktop\新しいフォルダー\misete4k_dl\bin_x64d\demuxers\lavfaudiohelper.obj
c:\users\lucky\desktop\新しいフォルダー\misete4k_dl\bin_x64d\demuxers\extradataparser.obj
c:\users\lucky\desktop\新しいフォルダー\misete4k_dl\bin_x64d\demuxers\basedemuxer.obj
c:\users\lucky\desktop\新しいフォルダー\misete4k_dl\bin_x64d\demuxers\lavfdemuxer.obj
c:\users\lucky\source\repos\misete4k_20200417\bin_x64d\lib\demuxersd.lib
c:\users\lucky\desktop\新しいフォルダー\misete4k_dl\bin_x64d\lib\demuxersd.lib
c:\users\lucky\desktop\misete4k_source\misete4k_source_20200926\bin_x64d\demuxers\basedemuxer.obj
c:\users\lucky\desktop\misete4k_source\misete4k_source_20200926\bin_x64d\demuxers\extradataparser.obj
c:\users\lucky\desktop\misete4k_source\misete4k_source_20200926\bin_x64d\demuxers\lavfaudiohelper.obj
c:\users\lucky\desktop\misete4k_source\misete4k_source_20200926\bin_x64d\demuxers\lavfdemuxer.obj
c:\users\lucky\desktop\misete4k_source\misete4k_source_20200926\bin_x64d\demuxers\lavfinputformats.obj
c:\users\lucky\desktop\misete4k_source\misete4k_source_20200926\bin_x64d\demuxers\lavfstreaminfo.obj
c:\users\lucky\desktop\misete4k_source\misete4k_source_20200926\bin_x64d\demuxers\lavfutils.obj
c:\users\lucky\desktop\misete4k_source\misete4k_source_20200926\bin_x64d\demuxers\lavfvideohelper.obj
c:\users\lucky\desktop\misete4k_source\misete4k_source_20200926\bin_x64d\demuxers\packet.obj
c:\users\lucky\desktop\misete4k_source\misete4k_source_20200926\bin_x64d\demuxers\stdafx.obj
c:\users\lucky\desktop\misete4k_source\misete4k_source_20200926\bin_x64d\demuxers\streaminfo.obj
c:\users\lucky\desktop\misete4k_source\misete4k_source_20200926\bin_x64d\demuxers\demuxersd.pch
c:\users\lucky\desktop\misete4k_source\misete4k_source_20200926\bin_x64d\demuxers\demuxers.idb
c:\users\lucky\desktop\misete4k_source\misete4k_source_20200926\bin_x64d\demuxers\demuxers.pdb
c:\users\lucky\desktop\misete4k_source\misete4k_source_20200926\bin_x64d\lib\demuxersd.lib
c:\users\lucky\desktop\misete4k_source\misete4k_source_20200926\bin_x64d\demuxers\demuxers.tlog\cl.command.1.tlog
c:\users\lucky\desktop\misete4k_source\misete4k_source_20200926\bin_x64d\demuxers\demuxers.tlog\cl.read.1.tlog
c:\users\lucky\desktop\misete4k_source\misete4k_source_20200926\bin_x64d\demuxers\demuxers.tlog\cl.write.1.tlog
c:\users\lucky\desktop\misete4k_source\misete4k_source_20200926\bin_x64d\demuxers\demuxers.tlog\lib-link.read.1.tlog
c:\users\lucky\desktop\misete4k_source\misete4k_source_20200926\bin_x64d\demuxers\demuxers.tlog\lib-link.write.1.tlog
c:\users\lucky\desktop\misete4k_source\misete4k_source_20200926\bin_x64d\demuxers\demuxers.tlog\lib.command.1.tlog
