2020/09/26 22:02:08 にビルドを開始しました。
ログの詳細度は次のように設定されています: Normal。     1>ノード 2 上のプロジェクト "C:\Users\lucky\Desktop\MiSeTe4K_SOURCE\MiSeTe4K_source_20200926\projects\DSUtilLite\DSUtilLite.vcxproj" (Build ターゲット)。
     1>InitializeBuildStatus:
         "AlwaysCreate" が指定されたため "C:\Users\lucky\Desktop\MiSeTe4K_SOURCE\MiSeTe4K_source_20200926\bin_x64d\DSUtilLite\DSUtilLite.tlog\unsuccessfulbuild" を作成しています。
       PreBuildEvent:
         "C:\Users\lucky\Desktop\MiSeTe4K_SOURCE\MiSeTe4K_source_20200926\common\genversion.bat"
         :VCEnd
         Git not found
       ClCompile:
         C:\Program Files (x86)\Microsoft Visual Studio\2019\Community\VC\Tools\MSVC\14.27.29110\bin\HostX64\x64\CL.exe /c /I"C:\Program Files (x86)\Windows Kits\8.1\Include\um" /IC:\Users\lucky\Desktop\MiSeTe4K_SOURCE\MiSeTe4K_source_20200926\common\baseclasses /IC:\Users\lucky\Desktop\MiSeTe4K_SOURCE\MiSeTe4K_source_20200926\projects\DSUtilLite\ /IC:\Users\lucky\Desktop\MiSeTe4K_SOURCE\MiSeTe4K_source_20200926\common\includes /IC:\Users\lucky\Desktop\MiSeTe4K_SOURCE\MiSeTe4K_source_20200926\common\baseclasses /IC:\Users\lucky\Desktop\MiSeTe4K_SOURCE\MiSeTe4K_source_20200926\ffmpeg /IC:\Users\lucky\Desktop\MiSeTe4K_SOURCE\MiSeTe4K_source_20200926\libbluray\src /IC:\Users\lucky\Desktop\MiSeTe4K_SOURCE\MiSeTe4K_source_20200926\common\DSUtilLite /ZI /JMC /nologo /W3 /WX- /diagnostics:column /Od /D WIN32 /D _DEBUG /D _LIB /D _UNICODE /D UNICODE /Gm- /EHsc /RTC1 /MTd /GS /fp:precise /Zc:wchar_t /Zc:forScope /Zc:inline /Yc"stdafx.h" /Fp"C:\Users\lucky\Desktop\MiSeTe4K_SOURCE\MiSeTe4K_source_20200926\bin_x64d\DSUtilLite\dsutild.pch" /Fo"C:\Users\lucky\Desktop\MiSeTe4K_SOURCE\MiSeTe4K_source_20200926\bin_x64d\DSUtilLite\\" /Fd"C:\Users\lucky\Desktop\MiSeTe4K_SOURCE\MiSeTe4K_source_20200926\bin_x64d\DSUtilLite\DSUtilLite.pdb" /Gd /TP /FC /errorReport:prompt /Zc:ternary /Zc:inline,referenceBinding,rvalueCast,throwingNew stdafx.cpp
         stdafx.cpp
         C:\Program Files (x86)\Microsoft Visual Studio\2019\Community\VC\Tools\MSVC\14.27.29110\bin\HostX64\x64\CL.exe /c /I"C:\Program Files (x86)\Windows Kits\8.1\Include\um" /IC:\Users\lucky\Desktop\MiSeTe4K_SOURCE\MiSeTe4K_source_20200926\common\baseclasses /IC:\Users\lucky\Desktop\MiSeTe4K_SOURCE\MiSeTe4K_source_20200926\projects\DSUtilLite\ /IC:\Users\lucky\Desktop\MiSeTe4K_SOURCE\MiSeTe4K_source_20200926\common\includes /IC:\Users\lucky\Desktop\MiSeTe4K_SOURCE\MiSeTe4K_source_20200926\common\baseclasses /IC:\Users\lucky\Desktop\MiSeTe4K_SOURCE\MiSeTe4K_source_20200926\ffmpeg /IC:\Users\lucky\Desktop\MiSeTe4K_SOURCE\MiSeTe4K_source_20200926\libbluray\src /IC:\Users\lucky\Desktop\MiSeTe4K_SOURCE\MiSeTe4K_source_20200926\common\DSUtilLite /ZI /JMC /nologo /W3 /WX- /diagnostics:column /Od /D WIN32 /D _DEBUG /D _LIB /D _UNICODE /D UNICODE /Gm- /EHsc /RTC1 /MTd /GS /fp:precise /Zc:wchar_t /Zc:forScope /Zc:inline /Yu"stdafx.h" /Fp"C:\Users\lucky\Desktop\MiSeTe4K_SOURCE\MiSeTe4K_source_20200926\bin_x64d\DSUtilLite\dsutild.pch" /Fo"C:\Users\lucky\Desktop\MiSeTe4K_SOURCE\MiSeTe4K_source_20200926\bin_x64d\DSUtilLite\\" /Fd"C:\Users\lucky\Desktop\MiSeTe4K_SOURCE\MiSeTe4K_source_20200926\bin_x64d\DSUtilLite\DSUtilLite.pdb" /Gd /TP /FC /errorReport:prompt /Zc:ternary /Zc:inline,referenceBinding,rvalueCast,throwingNew BaseDSPropPage.cpp CueSheet.cpp DSMResourceBag.cpp MediaSampleSideData.cpp PopupMenu.cpp BaseTrayIcon.cpp ByteParser.cpp DeCSS\CSSauth.cpp DeCSS\CSSscramble.cpp DeCSS\DeCSSInputPin.cpp DShowUtil.cpp filterreg.cpp FontInstaller.cpp H264Nalu.cpp locale.cpp registry.cpp
         BaseDSPropPage.cpp
         CueSheet.cpp
         DSMResourceBag.cpp
         MediaSampleSideData.cpp
         PopupMenu.cpp
         BaseTrayIcon.cpp
         ByteParser.cpp
     1>C:\Users\lucky\Desktop\MiSeTe4K_SOURCE\MiSeTe4K_source_20200926\ffmpeg\libavutil\rational.h(1,1): warning C4819: ファイルは、現在のコード ページ (932) で表示できない文字を含んでいます。データの損失を防ぐために、ファイルを Unicode 形式で保存してください。
         CSSauth.cpp
         CSSscramble.cpp
         DeCSSInputPin.cpp
         DShowUtil.cpp
     1>C:\Users\lucky\Desktop\MiSeTe4K_SOURCE\MiSeTe4K_source_20200926\ffmpeg\libavutil\rational.h(1,1): warning C4819: ファイルは、現在のコード ページ (932) で表示できない文字を含んでいます。データの損失を防ぐために、ファイルを Unicode 形式で保存してください。
         filterreg.cpp
         FontInstaller.cpp
         H264Nalu.cpp
         locale.cpp
     1>C:\Users\lucky\Desktop\MiSeTe4K_SOURCE\MiSeTe4K_source_20200926\projects\DSUtilLite\locale.cpp(1,1): warning C4819: ファイルは、現在のコード ページ (932) で表示できない文字を含んでいます。データの損失を防ぐために、ファイルを Unicode 形式で保存してください。
         registry.cpp
         コードを生成中...
       Lib:
         C:\Program Files (x86)\Microsoft Visual Studio\2019\Community\VC\Tools\MSVC\14.27.29110\bin\HostX64\x64\Lib.exe /OUT:"C:\Users\lucky\Desktop\MiSeTe4K_SOURCE\MiSeTe4K_source_20200926\bin_x64d\lib\dsutild.lib" /NOLOGO /MACHINE:X64 C:\Users\lucky\Desktop\MiSeTe4K_SOURCE\MiSeTe4K_source_20200926\bin_x64d\DSUtilLite\BaseDSPropPage.obj
         C:\Users\lucky\Desktop\MiSeTe4K_SOURCE\MiSeTe4K_source_20200926\bin_x64d\DSUtilLite\CueSheet.obj
         C:\Users\lucky\Desktop\MiSeTe4K_SOURCE\MiSeTe4K_source_20200926\bin_x64d\DSUtilLite\DSMResourceBag.obj
         C:\Users\lucky\Desktop\MiSeTe4K_SOURCE\MiSeTe4K_source_20200926\bin_x64d\DSUtilLite\MediaSampleSideData.obj
         C:\Users\lucky\Desktop\MiSeTe4K_SOURCE\MiSeTe4K_source_20200926\bin_x64d\DSUtilLite\PopupMenu.obj
         C:\Users\lucky\Desktop\MiSeTe4K_SOURCE\MiSeTe4K_source_20200926\bin_x64d\DSUtilLite\BaseTrayIcon.obj
         C:\Users\lucky\Desktop\MiSeTe4K_SOURCE\MiSeTe4K_source_20200926\bin_x64d\DSUtilLite\ByteParser.obj
         C:\Users\lucky\Desktop\MiSeTe4K_SOURCE\MiSeTe4K_source_20200926\bin_x64d\DSUtilLite\CSSauth.obj
         C:\Users\lucky\Desktop\MiSeTe4K_SOURCE\MiSeTe4K_source_20200926\bin_x64d\DSUtilLite\CSSscramble.obj
         C:\Users\lucky\Desktop\MiSeTe4K_SOURCE\MiSeTe4K_source_20200926\bin_x64d\DSUtilLite\DeCSSInputPin.obj
         C:\Users\lucky\Desktop\MiSeTe4K_SOURCE\MiSeTe4K_source_20200926\bin_x64d\DSUtilLite\DShowUtil.obj
         C:\Users\lucky\Desktop\MiSeTe4K_SOURCE\MiSeTe4K_source_20200926\bin_x64d\DSUtilLite\filterreg.obj
         C:\Users\lucky\Desktop\MiSeTe4K_SOURCE\MiSeTe4K_source_20200926\bin_x64d\DSUtilLite\FontInstaller.obj
         C:\Users\lucky\Desktop\MiSeTe4K_SOURCE\MiSeTe4K_source_20200926\bin_x64d\DSUtilLite\H264Nalu.obj
         C:\Users\lucky\Desktop\MiSeTe4K_SOURCE\MiSeTe4K_source_20200926\bin_x64d\DSUtilLite\locale.obj
         C:\Users\lucky\Desktop\MiSeTe4K_SOURCE\MiSeTe4K_source_20200926\bin_x64d\DSUtilLite\registry.obj
         C:\Users\lucky\Desktop\MiSeTe4K_SOURCE\MiSeTe4K_source_20200926\bin_x64d\DSUtilLite\stdafx.obj
         DSUtilLite.vcxproj -> C:\Users\lucky\Desktop\MiSeTe4K_SOURCE\MiSeTe4K_source_20200926\bin_x64d\lib\dsutild.lib
       FinalizeBuildStatus:
         ファイル "C:\Users\lucky\Desktop\MiSeTe4K_SOURCE\MiSeTe4K_source_20200926\bin_x64d\DSUtilLite\DSUtilLite.tlog\unsuccessfulbuild" を削除しています。
         "C:\Users\lucky\Desktop\MiSeTe4K_SOURCE\MiSeTe4K_source_20200926\bin_x64d\DSUtilLite\DSUtilLite.tlog\DSUtilLite.lastbuildstate" のタッチ タスクを実行しています。
     1>プロジェクト "C:\Users\lucky\Desktop\MiSeTe4K_SOURCE\MiSeTe4K_source_20200926\projects\DSUtilLite\DSUtilLite.vcxproj" (Build ターゲット) のビルドが完了しました。

ビルドに成功しました。

       "C:\Users\lucky\Desktop\MiSeTe4K_SOURCE\MiSeTe4K_source_20200926\projects\DSUtilLite\DSUtilLite.vcxproj" (Build ターゲット) (1) ->
       (ClCompile ターゲット) -> 
         C:\Users\lucky\Desktop\MiSeTe4K_SOURCE\MiSeTe4K_source_20200926\ffmpeg\libavutil\rational.h(1,1): warning C4819: ファイルは、現在のコード ページ (932) で表示できない文字を含んでいます。データの損失を防ぐために、ファイルを Unicode 形式で保存してください。
         C:\Users\lucky\Desktop\MiSeTe4K_SOURCE\MiSeTe4K_source_20200926\ffmpeg\libavutil\rational.h(1,1): warning C4819: ファイルは、現在のコード ページ (932) で表示できない文字を含んでいます。データの損失を防ぐために、ファイルを Unicode 形式で保存してください。
         C:\Users\lucky\Desktop\MiSeTe4K_SOURCE\MiSeTe4K_source_20200926\projects\DSUtilLite\locale.cpp(1,1): warning C4819: ファイルは、現在のコード ページ (932) で表示できない文字を含んでいます。データの損失を防ぐために、ファイルを Unicode 形式で保存してください。

    3 個の警告
    0 エラー

経過時間 00:00:03.80
