c:\users\lucky\source\repos\misete4k_20200417\bin_x64d\dsutillite\dsutild.pch
c:\users\lucky\source\repos\misete4k_20200417\bin_x64d\dsutillite\dsutillite.pdb
c:\users\lucky\source\repos\misete4k_20200417\bin_x64d\dsutillite\dsutillite.idb
c:\users\lucky\source\repos\misete4k_20200417\bin_x64d\dsutillite\stdafx.obj
c:\users\lucky\source\repos\misete4k_20200417\bin_x64d\dsutillite\registry.obj
c:\users\lucky\source\repos\misete4k_20200417\bin_x64d\dsutillite\locale.obj
c:\users\lucky\source\repos\misete4k_20200417\bin_x64d\dsutillite\h264nalu.obj
c:\users\lucky\source\repos\misete4k_20200417\bin_x64d\dsutillite\fontinstaller.obj
c:\users\lucky\source\repos\misete4k_20200417\bin_x64d\dsutillite\filterreg.obj
c:\users\lucky\source\repos\misete4k_20200417\bin_x64d\dsutillite\dshowutil.obj
c:\users\lucky\source\repos\misete4k_20200417\bin_x64d\dsutillite\decssinputpin.obj
c:\users\lucky\source\repos\misete4k_20200417\bin_x64d\dsutillite\cssscramble.obj
c:\users\lucky\source\repos\misete4k_20200417\bin_x64d\dsutillite\cssauth.obj
c:\users\lucky\source\repos\misete4k_20200417\bin_x64d\dsutillite\byteparser.obj
c:\users\lucky\source\repos\misete4k_20200417\bin_x64d\dsutillite\basetrayicon.obj
c:\users\lucky\source\repos\misete4k_20200417\bin_x64d\dsutillite\popupmenu.obj
c:\users\lucky\source\repos\misete4k_20200417\bin_x64d\dsutillite\mediasamplesidedata.obj
c:\users\lucky\source\repos\misete4k_20200417\bin_x64d\dsutillite\dsmresourcebag.obj
c:\users\lucky\source\repos\misete4k_20200417\bin_x64d\dsutillite\cuesheet.obj
c:\users\lucky\source\repos\misete4k_20200417\bin_x64d\dsutillite\basedsproppage.obj
c:\users\lucky\desktop\新しいフォルダー\misete4k_dl\bin_x64d\dsutillite\dsutild.pch
c:\users\lucky\desktop\新しいフォルダー\misete4k_dl\bin_x64d\dsutillite\dsutillite.pdb
c:\users\lucky\desktop\新しいフォルダー\misete4k_dl\bin_x64d\dsutillite\dsutillite.idb
c:\users\lucky\desktop\新しいフォルダー\misete4k_dl\bin_x64d\dsutillite\stdafx.obj
c:\users\lucky\desktop\新しいフォルダー\misete4k_dl\bin_x64d\dsutillite\registry.obj
c:\users\lucky\desktop\新しいフォルダー\misete4k_dl\bin_x64d\dsutillite\locale.obj
c:\users\lucky\desktop\新しいフォルダー\misete4k_dl\bin_x64d\dsutillite\h264nalu.obj
c:\users\lucky\desktop\新しいフォルダー\misete4k_dl\bin_x64d\dsutillite\fontinstaller.obj
c:\users\lucky\desktop\新しいフォルダー\misete4k_dl\bin_x64d\dsutillite\filterreg.obj
c:\users\lucky\desktop\新しいフォルダー\misete4k_dl\bin_x64d\dsutillite\dshowutil.obj
c:\users\lucky\desktop\新しいフォルダー\misete4k_dl\bin_x64d\dsutillite\decssinputpin.obj
c:\users\lucky\desktop\新しいフォルダー\misete4k_dl\bin_x64d\dsutillite\cssscramble.obj
c:\users\lucky\desktop\新しいフォルダー\misete4k_dl\bin_x64d\dsutillite\cssauth.obj
c:\users\lucky\desktop\新しいフォルダー\misete4k_dl\bin_x64d\dsutillite\byteparser.obj
c:\users\lucky\desktop\新しいフォルダー\misete4k_dl\bin_x64d\dsutillite\basetrayicon.obj
c:\users\lucky\desktop\新しいフォルダー\misete4k_dl\bin_x64d\dsutillite\popupmenu.obj
c:\users\lucky\desktop\新しいフォルダー\misete4k_dl\bin_x64d\dsutillite\mediasamplesidedata.obj
c:\users\lucky\desktop\新しいフォルダー\misete4k_dl\bin_x64d\dsutillite\dsmresourcebag.obj
c:\users\lucky\desktop\新しいフォルダー\misete4k_dl\bin_x64d\dsutillite\cuesheet.obj
c:\users\lucky\desktop\新しいフォルダー\misete4k_dl\bin_x64d\dsutillite\basedsproppage.obj
c:\users\lucky\source\repos\misete4k_20200417\bin_x64d\lib\dsutild.lib
c:\users\lucky\desktop\新しいフォルダー\misete4k_dl\bin_x64d\lib\dsutild.lib
c:\users\lucky\desktop\misete4k_source\misete4k_source_20200926\bin_x64d\dsutillite\basedsproppage.obj
c:\users\lucky\desktop\misete4k_source\misete4k_source_20200926\bin_x64d\dsutillite\basetrayicon.obj
c:\users\lucky\desktop\misete4k_source\misete4k_source_20200926\bin_x64d\dsutillite\byteparser.obj
c:\users\lucky\desktop\misete4k_source\misete4k_source_20200926\bin_x64d\dsutillite\cssauth.obj
c:\users\lucky\desktop\misete4k_source\misete4k_source_20200926\bin_x64d\dsutillite\cssscramble.obj
c:\users\lucky\desktop\misete4k_source\misete4k_source_20200926\bin_x64d\dsutillite\cuesheet.obj
c:\users\lucky\desktop\misete4k_source\misete4k_source_20200926\bin_x64d\dsutillite\decssinputpin.obj
c:\users\lucky\desktop\misete4k_source\misete4k_source_20200926\bin_x64d\dsutillite\dshowutil.obj
c:\users\lucky\desktop\misete4k_source\misete4k_source_20200926\bin_x64d\dsutillite\dsmresourcebag.obj
c:\users\lucky\desktop\misete4k_source\misete4k_source_20200926\bin_x64d\dsutillite\filterreg.obj
c:\users\lucky\desktop\misete4k_source\misete4k_source_20200926\bin_x64d\dsutillite\fontinstaller.obj
c:\users\lucky\desktop\misete4k_source\misete4k_source_20200926\bin_x64d\dsutillite\h264nalu.obj
c:\users\lucky\desktop\misete4k_source\misete4k_source_20200926\bin_x64d\dsutillite\locale.obj
c:\users\lucky\desktop\misete4k_source\misete4k_source_20200926\bin_x64d\dsutillite\mediasamplesidedata.obj
c:\users\lucky\desktop\misete4k_source\misete4k_source_20200926\bin_x64d\dsutillite\popupmenu.obj
c:\users\lucky\desktop\misete4k_source\misete4k_source_20200926\bin_x64d\dsutillite\registry.obj
c:\users\lucky\desktop\misete4k_source\misete4k_source_20200926\bin_x64d\dsutillite\stdafx.obj
c:\users\lucky\desktop\misete4k_source\misete4k_source_20200926\bin_x64d\dsutillite\dsutild.pch
c:\users\lucky\desktop\misete4k_source\misete4k_source_20200926\bin_x64d\dsutillite\dsutillite.idb
c:\users\lucky\desktop\misete4k_source\misete4k_source_20200926\bin_x64d\dsutillite\dsutillite.pdb
c:\users\lucky\desktop\misete4k_source\misete4k_source_20200926\bin_x64d\lib\dsutild.lib
c:\users\lucky\desktop\misete4k_source\misete4k_source_20200926\bin_x64d\dsutillite\dsutillite.tlog\cl.command.1.tlog
c:\users\lucky\desktop\misete4k_source\misete4k_source_20200926\bin_x64d\dsutillite\dsutillite.tlog\cl.read.1.tlog
c:\users\lucky\desktop\misete4k_source\misete4k_source_20200926\bin_x64d\dsutillite\dsutillite.tlog\cl.write.1.tlog
c:\users\lucky\desktop\misete4k_source\misete4k_source_20200926\bin_x64d\dsutillite\dsutillite.tlog\lib-link.read.1.tlog
c:\users\lucky\desktop\misete4k_source\misete4k_source_20200926\bin_x64d\dsutillite\dsutillite.tlog\lib-link.write.1.tlog
c:\users\lucky\desktop\misete4k_source\misete4k_source_20200926\bin_x64d\dsutillite\dsutillite.tlog\lib.command.1.tlog
